2024-08-01 16:02:53.822 [info] Log level: Info
2024-08-01 16:02:53.822 [info] VSCODE_MACHINE_ID: 2396d181-72ef-4343-b152-2ee17623829d
2024-08-01 16:02:53.822 [info] VSCODE_SESSION_ID: 99d0cd4e-7799-472f-8292-25fa7dc2eb861722528168296
2024-08-01 16:02:53.822 [info] VSCODE_VERSION: 1.91.1
2024-08-01 16:02:53.822 [info] VSCODE_APP_NAME: Gitpod Code
2024-08-01 16:02:53.822 [info] VSCODE_APP_HOST: Gitpod
2024-08-01 16:02:53.822 [info] VSCODE_UI_KIND: web
2024-08-01 16:02:53.822 [info] GITPOD_WORKSPACE_CONTEXT_URL: https://github.com/freeCodeCamp/learn-celestial-bodies-database
2024-08-01 16:02:53.822 [info] GITPOD_INSTANCE_ID: bc63316b-3d11-4be3-a73b-25511c4d0ebf
2024-08-01 16:02:53.822 [info] GITPOD_WORKSPACE_URL: https://freecodecam-learncelest-k215u0m6m1c.ws-us115.gitpod.io
2024-08-01 16:02:53.822 [info] Gitpod Web 7ff72a2
2024-08-01 16:02:53.822 [info] Reading sessions from keychain...
2024-08-01 16:02:54.153 [info] Getting sessions for all scopes...
2024-08-01 16:02:54.153 [info] Getting GitHub sessions for all scopes...
2024-08-01 16:02:54.153 [info] Getting sessions for function:accessCodeSyncStorage...
2024-08-01 16:02:54.153 [info] Got 1 GitHub sessions for all scopes...
2024-08-01 16:02:54.154 [info] Got stored sessions!
2024-08-01 16:02:54.154 [info] Verified session with the following scopes: function:accessCodeSyncStorage function:closePort function:controlAdmission function:deleteEnvVar function:generateNewGitpodToken function:getDefaultWorkspaceImage function:getEnvVars function:getGitpodTokenScopes function:getIDToken function:getLoggedInUser function:getOpenPorts function:getSupportedWorkspaceClasses function:getTeams function:getToken function:getWorkspace function:getWorkspaceEnvVars function:getWorkspaceOwner function:getWorkspaceTimeout function:getWorkspaceUsers function:guessGitTokenScopes function:isWorkspaceOwner function:openPort function:sendHeartBeat function:setEnvVar function:setWorkspaceTimeout function:stopWorkspace function:takeSnapshot function:trackEvent function:updateGitStatus function:waitForSnapshot resource:contentBlob::*::create/get resource:envVar::freeCodeCamp/learn-celestial-bodies-database::create/get/update/delete resource:gitpodToken::*::create resource:snapshot::ws-freecodecam-learncelest-k215u0m6m1c::create resource:token::*::get resource:userStorage::*::create/get/update resource:workspace::freecodecam-learncelest-k215u0m6m1c::get/update resource:workspaceInstance::bc63316b-3d11-4be3-a73b-25511c4d0ebf::get/update/delete
2024-08-01 16:02:54.154 [info] Got 1 verified sessions.
2024-08-01 16:02:54.154 [info] Got 1 sessions for all scopes...
2024-08-01 16:02:54.154 [info] Got 1 sessions for function:accessCodeSyncStorage...
2024-08-01 16:02:54.647 [info] Getting GitHub sessions for all scopes...
2024-08-01 16:02:54.647 [info] Getting sessions for all scopes...
2024-08-01 16:02:54.647 [info] Got 1 GitHub sessions for all scopes...
2024-08-01 16:02:54.647 [info] Got 1 sessions for all scopes...
2024-08-01 16:02:56.772 [info] Getting GitHub sessions for project,read:org,read:user,repo,user:email,workflow...
2024-08-01 16:02:56.772 [info] Got 0 GitHub sessions for project,read:org,read:user,repo,user:email,workflow...
2024-08-01 16:02:57.592 [info] Getting GitHub sessions for read:user,repo,user:email,workflow...
2024-08-01 16:02:57.592 [info] Got 1 GitHub sessions for read:user,repo,user:email,workflow...
2024-08-01 16:03:05.682 [info] Getting GitHub sessions for read:user,repo,user:email,workflow...
2024-08-01 16:03:05.682 [info] Got 1 GitHub sessions for read:user,repo,user:email,workflow...
