2024-08-01 16:02:55.103 [info] Log level: Info
2024-08-01 16:02:55.103 [info] Validating found git in: "git"
2024-08-01 16:02:55.103 [info] Using git "2.43.0" from "git"
2024-08-01 16:02:55.103 [info] > git rev-parse --show-toplevel [2ms]
2024-08-01 16:02:55.103 [info] fatal: not a git repository (or any parent up to mount point /)
Stopping at filesystem boundary (GIT_DISCOVERY_ACROSS_FILESYSTEM not set).
2024-08-01 16:02:55.103 [info] > git rev-parse --show-toplevel [2ms]
2024-08-01 16:02:55.103 [info] fatal: not a git repository (or any parent up to mount point /)
Stopping at filesystem boundary (GIT_DISCOVERY_ACROSS_FILESYSTEM not set).
2024-08-01 16:02:55.103 [info] > git rev-parse --show-toplevel [2ms]
2024-08-01 16:02:55.103 [info] fatal: not a git repository (or any parent up to mount point /)
Stopping at filesystem boundary (GIT_DISCOVERY_ACROSS_FILESYSTEM not set).
2024-08-01 16:03:05.004 [info] > git rev-parse --show-toplevel [1ms]
2024-08-01 16:03:05.012 [info] > git rev-parse --git-dir --git-common-dir [2ms]
2024-08-01 16:03:05.025 [info] Open repository: /workspace/.vscode-remote
2024-08-01 16:03:05.048 [info] > git for-each-ref --format=%(refname)%00%(upstream:short)%00%(objectname)%00%(upstream:track)%00%(upstream:remotename)%00%(upstream:remoteref) refs/heads/master refs/remotes/master [7ms]
2024-08-01 16:03:05.048 [warning] No such branch: master.
2024-08-01 16:03:05.053 [info] > git config --get commit.template [18ms]
2024-08-01 16:03:05.064 [info] > git status -z -uall [5ms]
2024-08-01 16:03:05.093 [info] > git for-each-ref --format=%(refname)%00%(upstream:short)%00%(objectname)%00%(upstream:track)%00%(upstream:remotename)%00%(upstream:remoteref) refs/heads/master refs/remotes/master [21ms]
2024-08-01 16:03:05.093 [warning] No such branch: master.
2024-08-01 16:03:05.100 [info] > git config --get commit.template [7ms]
2024-08-01 16:03:05.109 [info] > git for-each-ref --format=%(refname)%00%(upstream:short)%00%(objectname)%00%(upstream:track)%00%(upstream:remotename)%00%(upstream:remoteref) refs/heads/master refs/remotes/master [3ms]
2024-08-01 16:03:05.141 [info] > git status -z -uall [25ms]
2024-08-01 16:03:05.154 [info] > git for-each-ref --format=%(refname)%00%(upstream:short)%00%(objectname)%00%(upstream:track)%00%(upstream:remotename)%00%(upstream:remoteref) refs/heads/master refs/remotes/master [6ms]
2024-08-01 16:03:05.164 [info] > git config --local branch.master.vscode-merge-base [2ms]
2024-08-01 16:03:05.164 [warning] git config failed: Failed to execute git
2024-08-01 16:03:05.174 [info] > git reflog master --grep-reflog=branch: Created from *. [3ms]
2024-08-01 16:03:05.182 [info] > git symbolic-ref --short refs/remotes/origin/HEAD [2ms]
2024-08-01 16:03:05.182 [info] fatal: ref refs/remotes/origin/HEAD is not a symbolic ref
2024-08-01 16:03:06.283 [info] > git config --local branch.master.github-pr-owner-number [2ms]
2024-08-01 16:03:06.283 [warning] git config failed: Failed to execute git
2024-08-01 16:03:06.291 [info] > git config --local branch.master.remote [1ms]
2024-08-01 16:03:06.291 [warning] git config failed: Failed to execute git
2024-08-01 16:03:06.299 [info] > git config --local branch.master.merge [1ms]
2024-08-01 16:03:06.300 [warning] git config failed: Failed to execute git
2024-08-01 16:03:06.351 [info] > git check-ignore -v -z --stdin [2ms]
2024-08-01 16:03:07.532 [info] > git config --local branch.master.github-pr-owner-number [2ms]
2024-08-01 16:03:07.532 [warning] git config failed: Failed to execute git
2024-08-01 16:03:07.541 [info] > git config --local branch.master.remote [1ms]
2024-08-01 16:03:07.541 [warning] git config failed: Failed to execute git
2024-08-01 16:03:07.549 [info] > git config --local branch.master.merge [2ms]
2024-08-01 16:03:07.549 [warning] git config failed: Failed to execute git
2024-08-01 16:03:14.988 [info] > git config --get commit.template [7ms]
2024-08-01 16:03:14.989 [info] > git for-each-ref --format=%(refname)%00%(upstream:short)%00%(objectname)%00%(upstream:track)%00%(upstream:remotename)%00%(upstream:remoteref) refs/heads/master refs/remotes/master [3ms]
2024-08-01 16:03:14.998 [info] > git status -z -uall [3ms]
2024-08-01 16:03:15.018 [info] > git for-each-ref --format=%(refname)%00%(upstream:short)%00%(objectname)%00%(upstream:track)%00%(upstream:remotename)%00%(upstream:remoteref) refs/heads/master refs/remotes/master [13ms]
2024-08-01 16:03:15.025 [info] > git config --local branch.master.github-pr-owner-number [8ms]
2024-08-01 16:03:15.025 [warning] git config failed: Failed to execute git
2024-08-01 16:03:15.032 [info] > git config --local branch.master.vscode-merge-base [8ms]
2024-08-01 16:03:15.032 [warning] git config failed: Failed to execute git
2024-08-01 16:03:15.039 [info] > git config --local branch.master.remote [8ms]
2024-08-01 16:03:15.039 [warning] git config failed: Failed to execute git
2024-08-01 16:03:15.046 [info] > git reflog master --grep-reflog=branch: Created from *. [8ms]
2024-08-01 16:03:15.052 [info] > git config --local branch.master.merge [7ms]
2024-08-01 16:03:15.052 [warning] git config failed: Failed to execute git
2024-08-01 16:03:15.054 [info] > git symbolic-ref --short refs/remotes/origin/HEAD [2ms]
2024-08-01 16:03:15.054 [info] fatal: ref refs/remotes/origin/HEAD is not a symbolic ref
2024-08-01 16:03:16.711 [info] > git for-each-ref --format=%(refname)%00%(upstream:short)%00%(objectname)%00%(upstream:track)%00%(upstream:remotename)%00%(upstream:remoteref) refs/heads/master [2ms]
2024-08-01 16:03:16.720 [info] > git for-each-ref --format=%(refname)%00%(upstream:short)%00%(objectname)%00%(upstream:track)%00%(upstream:remotename)%00%(upstream:remoteref) refs/heads/master [2ms]
2024-08-01 16:03:16.730 [info] > git config --local branch.master.vscode-merge-base [2ms]
2024-08-01 16:03:16.730 [warning] git config failed: Failed to execute git
2024-08-01 16:03:16.739 [info] > git reflog refs/heads/master --grep-reflog=branch: Created from *. [3ms]
2024-08-01 16:03:16.748 [info] > git symbolic-ref --short refs/remotes/origin/HEAD [2ms]
2024-08-01 16:03:16.748 [info] fatal: ref refs/remotes/origin/HEAD is not a symbolic ref
2024-08-01 16:03:16.748 [info] GitHistoryProvider:resolveHistoryItemGroupUpstreamOrBase - Failed to resolve history item group base for 'refs/heads/master'
2024-08-01 16:03:16.748 [info] GitHistoryProvider:resolveHistoryItemGroupCommonAncestor - Failed to resolve history item group base for 'refs/heads/master'
2024-08-01 16:03:17.788 [info] > git for-each-ref --format=%(refname)%00%(upstream:short)%00%(objectname)%00%(upstream:track)%00%(upstream:remotename)%00%(upstream:remoteref) refs/heads/master [10ms]
2024-08-01 16:03:17.797 [info] > git for-each-ref --format=%(refname)%00%(upstream:short)%00%(objectname)%00%(upstream:track)%00%(upstream:remotename)%00%(upstream:remoteref) refs/heads/master [3ms]
2024-08-01 16:03:17.806 [info] > git config --local branch.master.vscode-merge-base [2ms]
2024-08-01 16:03:17.806 [warning] git config failed: Failed to execute git
2024-08-01 16:03:17.815 [info] > git reflog refs/heads/master --grep-reflog=branch: Created from *. [2ms]
2024-08-01 16:03:17.822 [info] > git symbolic-ref --short refs/remotes/origin/HEAD [2ms]
2024-08-01 16:03:17.822 [info] fatal: ref refs/remotes/origin/HEAD is not a symbolic ref
2024-08-01 16:03:17.823 [info] GitHistoryProvider:resolveHistoryItemGroupUpstreamOrBase - Failed to resolve history item group base for 'refs/heads/master'
2024-08-01 16:03:17.823 [info] GitHistoryProvider:resolveHistoryItemGroupCommonAncestor - Failed to resolve history item group base for 'refs/heads/master'
2024-08-01 16:03:18.473 [info] > git check-ignore -v -z --stdin [2ms]
2024-08-01 16:03:20.120 [info] > git add -A -- /workspace/.vscode-remote/data/CachedExtensionVSIXs/coderoad.coderoad-0.19.4-universal /workspace/.vscode-remote/data/CachedExtensionVSIXs/github.vscode-pull-request-github-0.92.0-universal /workspace/.vscode-remote/data/CachedProfilesData/__default__profile__/extensions.builtin.cache /workspace/.vscode-remote/data/CachedProfilesData/__default__profile__/extensions.user.cache /workspace/.vscode-remote/data/Machine/settings.json /workspace/.vscode-remote/data/User/globalStorage/github.vscode-pull-request-github/assignableUsers/freeCodeCamp/learn-celestial-bodies-database.json /workspace/.vscode-remote/data/User/globalStorage/redhat.vscode-yaml/schemas_cache/11cfe8e7da84692abc605cbc8bd0052b /workspace/.vscode-remote/data/User/globalStorage/storage.json /workspace/.vscode-remote/data/User/globalStorage/vscode-redhat-telemetry/redhat.optin.json /workspace/.vscode-remote/data/User/workspaceStorage/5a86e80f/vscode.lock /workspace/.vscode-remote/data/logs/20240801T154913/exthost1/GitHub.vscode-pull-request-github/GitHub Pull Request.log /workspace/.vscode-remote/data/logs/20240801T154913/exthost1/gitpod.gitpod-web/Gitpod Workspace.log /workspace/.vscode-remote/data/logs/20240801T154913/exthost1/output_logging_20240801T154927/1-YAML Support.log /workspace/.vscode-remote/data/logs/20240801T154913/exthost1/output_logging_20240801T154927/2-CodeRoad (Logs).log /workspace/.vscode-remote/data/logs/20240801T154913/exthost1/output_logging_20240801T154927/3-CodeRoad (Tests).log /workspace/.vscode-remote/data/logs/20240801T154913/exthost1/remoteexthost.log /workspace/.vscode-remote/data/logs/20240801T154913/exthost1/vscode.git/Git.log /workspace/.vscode-remote/data/logs/20240801T154913/exthost1/vscode.github/GitHub.log /workspace/.vscode-remote/data/logs/20240801T154913/exthost1/vscode.json-language-features/JSON Language Server.log /workspace/.vscode-remote/data/logs/20240801T154913/exthost2/GitHub.vscode-pull-request-github/GitHub Pull Request.log /workspace/.vscode-remote/data/logs/20240801T154913/exthost2/gitpod.gitpod-web/Gitpod Workspace.log /workspace/.vscode-remote/data/logs/20240801T154913/exthost2/output_logging_20240801T160252/1-YAML Support.log /workspace/.vscode-remote/data/logs/20240801T154913/exthost2/output_logging_20240801T160252/2-CodeRoad (Logs).log /workspace/.vscode-remote/data/logs/20240801T154913/exthost2/output_logging_20240801T160252/3-CodeRoad (Tests).log /workspace/.vscode-remote/data/logs/20240801T154913/exthost2/remoteexthost.log /workspace/.vscode-remote/data/logs/20240801T154913/exthost2/vscode.git/Git.log /workspace/.vscode-remote/data/logs/20240801T154913/exthost2/vscode.github/GitHub.log /workspace/.vscode-remote/data/logs/20240801T154913/exthost2/vscode.json-language-features/JSON Language Server.log /workspace/.vscode-remote/data/logs/20240801T154913/network.log /workspace/.vscode-remote/data/logs/20240801T154913/ptyhost.log /workspace/.vscode-remote/data/logs/20240801T154913/remoteagent.log /workspace/.vscode-remote/data/machineid /workspace/.vscode-remote/extensions/coderoad.coderoad-0.19.4-universal/.eslintignore /workspace/.vscode-remote/extensions/coderoad.coderoad-0.19.4-universal/.github/ISSUE_TEMPLATE/bug_report.md /workspace/.vscode-remote/extensions/coderoad.coderoad-0.19.4-universal/.github/ISSUE_TEMPLATE/feature_request.md /workspace/.vscode-remote/extensions/coderoad.coderoad-0.19.4-universal/.github/workflows/codeql-analysis.yml /workspace/.vscode-remote/extensions/coderoad.coderoad-0.19.4-universal/.github/workflows/documentation.yml /workspace/.vscode-remote/extensions/coderoad.coderoad-0.19.4-universal/.github/workflows/test.yml /workspace/.vscode-remote/extensions/coderoad.coderoad-0.19.4-universal/.vsixmanifest /workspace/.vscode-remote/extensions/coderoad.coderoad-0.19.4-universal/CHANGELOG.md /workspace/.vscode-remote/extensions/coderoad.coderoad-0.19.4-universal/CONTRIBUTORS.md /workspace/.vscode-remote/extensions/coderoad.coderoad-0.19.4-universal/LICENSE.md /workspace/.vscode-remote/extensions/coderoad.coderoad-0.19.4-universal/README.md /workspace/.vscode-remote/extensions/coderoad.coderoad-0.19.4-universal/build/asset-manifest.json /workspace/.vscode-remote/extensions/coderoad.coderoad-0.19.4-universal/build/extension.js /workspace/.vscode-remote/extensions/coderoad.coderoad-0.19.4-universal/build/extension.js.map /workspace/.vscode-remote/extensions/coderoad.coderoad-0.19.4-universal/build/fonts/next-icon.svg /workspace/.vscode-remote/extensions/coderoad.coderoad-0.19.4-universal/build/fonts/next-icon.woff2 /workspace/.vscode-remote/extensions/coderoad.coderoad-0.19.4-universal/build/fonts/roboto-bold.woff2 /workspace/.vscode-remote/extensions/coderoad.coderoad-0.19.4-universal/build/fonts/roboto-light.woff2 /workspace/.vscode-remote/extensions/coderoad.coderoad-0.19.4-universal/build/fonts/roboto-medium.woff2 /workspace/.vscode-remote/extensions/coderoad.coderoad-0.19.4-universal/build/fonts/roboto-regular.woff2 /workspace/.vscode-remote/extensions/coderoad.coderoad-0.19.4-universal/build/fonts/roboto-thin.woff2 /workspace/.vscode-remote/extensions/coderoad.coderoad-0.19.4-universal/build/index.html /workspace/.vscode-remote/extensions/coderoad.coderoad-0.19.4-universal/build/manifest.json /workspace/.vscode-remote/extensions/coderoad.coderoad-0.19.4-universal/build/static/css/2.bc1263e8.chunk.css /workspace/.vscode-remote/extensions/coderoad.coderoad-0.19.4-universal/build/static/css/main.4671255a.chunk.css /workspace/.vscode-remote/extensions/coderoad.coderoad-0.19.4-universal/build/static/js/2.be24d79c.chunk.js /workspace/.vscode-remote/extensions/coderoad.coderoad-0.19.4-universal/build/static/js/2.be24d79c.chunk.js.LICENSE.txt /workspace/.vscode-remote/extensions/coderoad.coderoad-0.19.4-universal/build/static/js/main.2619bfec.chunk.js /workspace/.vscode-remote/extensions/coderoad.coderoad-0.19.4-universal/build/static/js/runtime-main.65cea6c6.js /workspace/.vscode-remote/extensions/coderoad.coderoad-0.19.4-universal/coderoad_icon.png /workspace/.vscode-remote/extensions/coderoad.coderoad-0.19.4-universal/package.json /workspace/.vscode-remote/extensions/extensions.json /workspace/.vscode-remote/extensions/github.vscode-pull-request-github-0.92.0-universal/.vsixmanifest /workspace/.vscode-remote/extensions/github.vscode-pull-request-github-0.92.0-universal/CHANGELOG.md /workspace/.vscode-remote/extensions/github.vscode-pull-request-github-0.92.0-universal/LICENSE.txt /workspace/.vscode-remote/extensions/github.vscode-pull-request-github-0.92.0-universal/README.md /workspace/.vscode-remote/extensions/github.vscode-pull-request-github-0.92.0-universal/SECURITY.md /workspace/.vscode-remote/extensions/github.vscode-pull-request-github-0.92.0-universal/dist/browser/extension.js /workspace/.vscode-remote/extensions/github.vscode-pull-request-github-0.92.0-universal/dist/extension.js /workspace/.vscode-remote/extensions/github.vscode-pull-request-github-0.92.0-universal/dist/webview-create-pr-view-new.js /workspace/.vscode-remote/extensions/github.vscode-pull-request-github-0.92.0-universal/dist/webview-open-pr-view.js /workspace/.vscode-remote/extensions/github.vscode-pull-request-github-0.92.0-universal/dist/webview-pr-description.js /workspace/.vscode-remote/extensions/github.vscode-pull-request-github-0.92.0-universal/package.json /workspace/.vscode-remote/extensions/github.vscode-pull-request-github-0.92.0-universal/package.nls.json /workspace/.vscode-remote/extensions/github.vscode-pull-request-github-0.92.0-universal/resources/icons/github_logo.png /workspace/.vscode-remote/extensions/github.vscode-pull-request-github-0.92.0-universal/resources/icons/reactions/confused.png /workspace/.vscode-remote/extensions/github.vscode-pull-request-github-0.92.0-universal/resources/icons/reactions/eyes.png /workspace/.vscode-remote/extensions/github.vscode-pull-request-github-0.92.0-universal/resources/icons/reactions/heart.png /workspace/.vscode-remote/extensions/github.vscode-pull-request-github-0.92.0-universal/resources/icons/reactions/hooray.png /workspace/.vscode-remote/extensions/github.vscode-pull-request-github-0.92.0-universal/resources/icons/reactions/laugh.png /workspace/.vscode-remote/extensions/github.vscode-pull-request-github-0.92.0-universal/resources/icons/reactions/rocket.png /workspace/.vscode-remote/extensions/github.vscode-pull-request-github-0.92.0-universal/resources/icons/reactions/thumbs_down.png /workspace/.vscode-remote/extensions/github.vscode-pull-request-github-0.92.0-universal/resources/icons/reactions/thumbs_up.png [297ms]
2024-08-01 16:03:20.136 [info] > git config --get commit.template [7ms]
2024-08-01 16:03:20.138 [info] > git for-each-ref --format=%(refname)%00%(upstream:short)%00%(objectname)%00%(upstream:track)%00%(upstream:remotename)%00%(upstream:remoteref) refs/heads/master refs/remotes/master [2ms]
2024-08-01 16:03:20.148 [info] > git status -z -uall [4ms]
2024-08-01 16:03:20.166 [info] > git for-each-ref --format=%(refname)%00%(upstream:short)%00%(objectname)%00%(upstream:track)%00%(upstream:remotename)%00%(upstream:remoteref) refs/heads/master refs/remotes/master [10ms]
2024-08-01 16:03:20.173 [info] > git config --get commit.template [7ms]
2024-08-01 16:03:20.180 [info] > git config --local branch.master.vscode-merge-base [8ms]
2024-08-01 16:03:20.180 [warning] git config failed: Failed to execute git
2024-08-01 16:03:20.187 [info] > git for-each-ref --format=%(refname)%00%(upstream:short)%00%(objectname)%00%(upstream:track)%00%(upstream:remotename)%00%(upstream:remoteref) refs/heads/master refs/remotes/master [7ms]
2024-08-01 16:03:20.194 [info] > git reflog master --grep-reflog=branch: Created from *. [8ms]
2024-08-01 16:03:20.201 [info] > git status -z -uall [7ms]
2024-08-01 16:03:20.211 [info] > git for-each-ref --format=%(refname)%00%(upstream:short)%00%(objectname)%00%(upstream:track)%00%(upstream:remotename)%00%(upstream:remoteref) refs/heads/master refs/remotes/master [2ms]
2024-08-01 16:03:20.218 [info] > git symbolic-ref --short refs/remotes/origin/HEAD [18ms]
2024-08-01 16:03:20.218 [info] fatal: ref refs/remotes/origin/HEAD is not a symbolic ref
2024-08-01 16:03:20.219 [info] > git config --local branch.master.vscode-merge-base [1ms]
2024-08-01 16:03:20.219 [warning] git config failed: Failed to execute git
2024-08-01 16:03:20.228 [info] > git reflog master --grep-reflog=branch: Created from *. [3ms]
2024-08-01 16:03:20.236 [info] > git symbolic-ref --short refs/remotes/origin/HEAD [2ms]
2024-08-01 16:03:20.236 [info] fatal: ref refs/remotes/origin/HEAD is not a symbolic ref
2024-08-01 16:03:20.498 [info] > git for-each-ref --format=%(refname)%00%(upstream:short)%00%(objectname)%00%(upstream:track)%00%(upstream:remotename)%00%(upstream:remoteref) refs/heads/master [3ms]
2024-08-01 16:03:20.507 [info] > git for-each-ref --format=%(refname)%00%(upstream:short)%00%(objectname)%00%(upstream:track)%00%(upstream:remotename)%00%(upstream:remoteref) refs/heads/master [2ms]
2024-08-01 16:03:20.515 [info] > git config --local branch.master.vscode-merge-base [2ms]
2024-08-01 16:03:20.515 [warning] git config failed: Failed to execute git
2024-08-01 16:03:20.524 [info] > git reflog refs/heads/master --grep-reflog=branch: Created from *. [2ms]
2024-08-01 16:03:20.532 [info] > git symbolic-ref --short refs/remotes/origin/HEAD [2ms]
2024-08-01 16:03:20.532 [info] fatal: ref refs/remotes/origin/HEAD is not a symbolic ref
2024-08-01 16:03:20.532 [info] GitHistoryProvider:resolveHistoryItemGroupUpstreamOrBase - Failed to resolve history item group base for 'refs/heads/master'
2024-08-01 16:03:20.532 [info] GitHistoryProvider:resolveHistoryItemGroupCommonAncestor - Failed to resolve history item group base for 'refs/heads/master'
2024-08-01 16:03:20.845 [info] > git for-each-ref --format=%(refname)%00%(upstream:short)%00%(objectname)%00%(upstream:track)%00%(upstream:remotename)%00%(upstream:remoteref) refs/heads/master [2ms]
2024-08-01 16:03:20.852 [info] > git for-each-ref --format=%(refname)%00%(upstream:short)%00%(objectname)%00%(upstream:track)%00%(upstream:remotename)%00%(upstream:remoteref) refs/heads/master [2ms]
2024-08-01 16:03:20.859 [info] > git config --local branch.master.vscode-merge-base [1ms]
2024-08-01 16:03:20.859 [warning] git config failed: Failed to execute git
2024-08-01 16:03:20.867 [info] > git reflog refs/heads/master --grep-reflog=branch: Created from *. [2ms]
2024-08-01 16:03:20.874 [info] > git symbolic-ref --short refs/remotes/origin/HEAD [2ms]
2024-08-01 16:03:20.874 [info] fatal: ref refs/remotes/origin/HEAD is not a symbolic ref
2024-08-01 16:03:20.874 [info] GitHistoryProvider:resolveHistoryItemGroupUpstreamOrBase - Failed to resolve history item group base for 'refs/heads/master'
2024-08-01 16:03:20.874 [info] GitHistoryProvider:resolveHistoryItemGroupCommonAncestor - Failed to resolve history item group base for 'refs/heads/master'
2024-08-01 16:03:25.226 [info] > git config --get commit.template [7ms]
2024-08-01 16:03:25.228 [info] > git for-each-ref --format=%(refname)%00%(upstream:short)%00%(objectname)%00%(upstream:track)%00%(upstream:remotename)%00%(upstream:remoteref) refs/heads/master refs/remotes/master [1ms]
2024-08-01 16:03:25.237 [info] > git status -z -uall [4ms]
2024-08-01 16:03:25.247 [info] > git for-each-ref --format=%(refname)%00%(upstream:short)%00%(objectname)%00%(upstream:track)%00%(upstream:remotename)%00%(upstream:remoteref) refs/heads/master refs/remotes/master [4ms]
2024-08-01 16:03:25.255 [info] > git config --local branch.master.vscode-merge-base [1ms]
2024-08-01 16:03:25.255 [warning] git config failed: Failed to execute git
2024-08-01 16:03:25.264 [info] > git reflog master --grep-reflog=branch: Created from *. [3ms]
2024-08-01 16:03:25.271 [info] > git symbolic-ref --short refs/remotes/origin/HEAD [2ms]
2024-08-01 16:03:25.271 [info] fatal: ref refs/remotes/origin/HEAD is not a symbolic ref
2024-08-01 16:03:30.265 [info] > git config --get commit.template [7ms]
2024-08-01 16:03:30.266 [info] > git for-each-ref --format=%(refname)%00%(upstream:short)%00%(objectname)%00%(upstream:track)%00%(upstream:remotename)%00%(upstream:remoteref) refs/heads/master refs/remotes/master [2ms]
2024-08-01 16:03:30.277 [info] > git status -z -uall [5ms]
2024-08-01 16:03:30.288 [info] > git for-each-ref --format=%(refname)%00%(upstream:short)%00%(objectname)%00%(upstream:track)%00%(upstream:remotename)%00%(upstream:remoteref) refs/heads/master refs/remotes/master [3ms]
2024-08-01 16:03:30.298 [info] > git config --local branch.master.vscode-merge-base [2ms]
2024-08-01 16:03:30.298 [warning] git config failed: Failed to execute git
2024-08-01 16:03:30.309 [info] > git reflog master --grep-reflog=branch: Created from *. [3ms]
2024-08-01 16:03:30.317 [info] > git symbolic-ref --short refs/remotes/origin/HEAD [3ms]
2024-08-01 16:03:30.317 [info] fatal: ref refs/remotes/origin/HEAD is not a symbolic ref
2024-08-01 16:03:35.241 [info] > git -c user.useConfigOnly=true commit --quiet --allow-empty-message --file - [23ms]
2024-08-01 16:03:35.251 [info] > git config --get commit.template [2ms]
2024-08-01 16:03:35.269 [info] > git config --get commit.template [10ms]
2024-08-01 16:03:35.271 [info] > git for-each-ref --format=%(refname)%00%(upstream:short)%00%(objectname)%00%(upstream:track)%00%(upstream:remotename)%00%(upstream:remoteref) refs/heads/master refs/remotes/master [3ms]
2024-08-01 16:03:35.282 [info] > git status -z -uall [4ms]
2024-08-01 16:03:35.305 [info] > git for-each-ref --format=%(refname)%00%(upstream:short)%00%(objectname)%00%(upstream:track)%00%(upstream:remotename)%00%(upstream:remoteref) refs/heads/master refs/remotes/master [15ms]
2024-08-01 16:03:35.313 [info] > git config --local branch.master.github-pr-owner-number [9ms]
2024-08-01 16:03:35.313 [warning] git config failed: Failed to execute git
2024-08-01 16:03:35.321 [info] > git config --local branch.master.vscode-merge-base [9ms]
2024-08-01 16:03:35.321 [warning] git config failed: Failed to execute git
2024-08-01 16:03:35.328 [info] > git config --local branch.master.remote [8ms]
2024-08-01 16:03:35.328 [warning] git config failed: Failed to execute git
2024-08-01 16:03:35.336 [info] > git reflog master --grep-reflog=branch: Created from *. [8ms]
2024-08-01 16:03:35.343 [info] > git config --local branch.master.merge [7ms]
2024-08-01 16:03:35.343 [warning] git config failed: Failed to execute git
2024-08-01 16:03:35.344 [info] > git symbolic-ref --short refs/remotes/origin/HEAD [2ms]
2024-08-01 16:03:35.344 [info] fatal: ref refs/remotes/origin/HEAD is not a symbolic ref
2024-08-01 16:03:35.504 [info] > git for-each-ref --format=%(refname)%00%(upstream:short)%00%(objectname)%00%(upstream:track)%00%(upstream:remotename)%00%(upstream:remoteref) refs/heads/master [3ms]
2024-08-01 16:03:35.519 [info] > git for-each-ref --format=%(refname)%00%(upstream:short)%00%(objectname)%00%(upstream:track)%00%(upstream:remotename)%00%(upstream:remoteref) refs/heads/master [6ms]
2024-08-01 16:03:35.530 [info] > git config --local branch.master.vscode-merge-base [3ms]
2024-08-01 16:03:35.530 [warning] git config failed: Failed to execute git
2024-08-01 16:03:35.541 [info] > git reflog refs/heads/master --grep-reflog=branch: Created from *. [3ms]
2024-08-01 16:03:35.551 [info] > git symbolic-ref --short refs/remotes/origin/HEAD [1ms]
2024-08-01 16:03:35.551 [info] fatal: ref refs/remotes/origin/HEAD is not a symbolic ref
2024-08-01 16:03:35.551 [info] GitHistoryProvider:resolveHistoryItemGroupUpstreamOrBase - Failed to resolve history item group base for 'refs/heads/master'
2024-08-01 16:03:35.551 [info] GitHistoryProvider:resolveHistoryItemGroupCommonAncestor - Failed to resolve history item group base for 'refs/heads/master'
2024-08-01 16:03:35.651 [info] > git config --get commit.template [8ms]
2024-08-01 16:03:35.653 [info] > git for-each-ref --format=%(refname)%00%(upstream:short)%00%(objectname)%00%(upstream:track)%00%(upstream:remotename)%00%(upstream:remoteref) refs/heads/master refs/remotes/master [1ms]
2024-08-01 16:03:35.664 [info] > git status -z -uall [5ms]
2024-08-01 16:03:35.685 [info] > git for-each-ref --format=%(refname)%00%(upstream:short)%00%(objectname)%00%(upstream:track)%00%(upstream:remotename)%00%(upstream:remoteref) refs/heads/master refs/remotes/master [13ms]
2024-08-01 16:03:35.694 [info] > git config --get commit.template [9ms]
2024-08-01 16:03:35.702 [info] > git config --local branch.master.vscode-merge-base [10ms]
2024-08-01 16:03:35.702 [warning] git config failed: Failed to execute git
2024-08-01 16:03:35.711 [info] > git for-each-ref --format=%(refname)%00%(upstream:short)%00%(objectname)%00%(upstream:track)%00%(upstream:remotename)%00%(upstream:remoteref) refs/heads/master refs/remotes/master [10ms]
2024-08-01 16:03:35.719 [info] > git reflog master --grep-reflog=branch: Created from *. [9ms]
2024-08-01 16:03:35.728 [info] > git status -z -uall [10ms]
2024-08-01 16:03:35.739 [info] > git for-each-ref --format=%(refname)%00%(upstream:short)%00%(objectname)%00%(upstream:track)%00%(upstream:remotename)%00%(upstream:remoteref) refs/heads/master refs/remotes/master [3ms]
2024-08-01 16:03:35.748 [info] > git symbolic-ref --short refs/remotes/origin/HEAD [20ms]
2024-08-01 16:03:35.748 [info] fatal: ref refs/remotes/origin/HEAD is not a symbolic ref
2024-08-01 16:03:35.749 [info] > git config --local branch.master.vscode-merge-base [2ms]
2024-08-01 16:03:35.749 [warning] git config failed: Failed to execute git
2024-08-01 16:03:35.760 [info] > git reflog master --grep-reflog=branch: Created from *. [3ms]
2024-08-01 16:03:35.769 [info] > git symbolic-ref --short refs/remotes/origin/HEAD [3ms]
2024-08-01 16:03:35.769 [info] fatal: ref refs/remotes/origin/HEAD is not a symbolic ref
2024-08-01 16:03:36.041 [info] > git for-each-ref --format=%(refname)%00%(upstream:short)%00%(objectname)%00%(upstream:track)%00%(upstream:remotename)%00%(upstream:remoteref) refs/heads/master [4ms]
2024-08-01 16:03:36.052 [info] > git for-each-ref --format=%(refname)%00%(upstream:short)%00%(objectname)%00%(upstream:track)%00%(upstream:remotename)%00%(upstream:remoteref) refs/heads/master [2ms]
2024-08-01 16:03:36.063 [info] > git config --local branch.master.vscode-merge-base [2ms]
2024-08-01 16:03:36.063 [warning] git config failed: Failed to execute git
2024-08-01 16:03:36.075 [info] > git reflog refs/heads/master --grep-reflog=branch: Created from *. [4ms]
2024-08-01 16:03:36.086 [info] > git symbolic-ref --short refs/remotes/origin/HEAD [2ms]
2024-08-01 16:03:36.087 [info] fatal: ref refs/remotes/origin/HEAD is not a symbolic ref
2024-08-01 16:03:36.087 [info] GitHistoryProvider:resolveHistoryItemGroupUpstreamOrBase - Failed to resolve history item group base for 'refs/heads/master'
2024-08-01 16:03:36.087 [info] GitHistoryProvider:resolveHistoryItemGroupCommonAncestor - Failed to resolve history item group base for 'refs/heads/master'
2024-08-01 16:03:36.387 [info] > git for-each-ref --format=%(refname)%00%(upstream:short)%00%(objectname)%00%(upstream:track)%00%(upstream:remotename)%00%(upstream:remoteref) refs/heads/master [3ms]
2024-08-01 16:03:36.396 [info] > git for-each-ref --format=%(refname)%00%(upstream:short)%00%(objectname)%00%(upstream:track)%00%(upstream:remotename)%00%(upstream:remoteref) refs/heads/master [2ms]
2024-08-01 16:03:36.405 [info] > git config --local branch.master.vscode-merge-base [2ms]
2024-08-01 16:03:36.405 [warning] git config failed: Failed to execute git
2024-08-01 16:03:36.414 [info] > git reflog refs/heads/master --grep-reflog=branch: Created from *. [3ms]
2024-08-01 16:03:36.422 [info] > git symbolic-ref --short refs/remotes/origin/HEAD [2ms]
2024-08-01 16:03:36.422 [info] fatal: ref refs/remotes/origin/HEAD is not a symbolic ref
2024-08-01 16:03:36.422 [info] GitHistoryProvider:resolveHistoryItemGroupUpstreamOrBase - Failed to resolve history item group base for 'refs/heads/master'
2024-08-01 16:03:36.422 [info] GitHistoryProvider:resolveHistoryItemGroupCommonAncestor - Failed to resolve history item group base for 'refs/heads/master'
2024-08-01 16:03:36.548 [info] > git check-ignore -v -z --stdin [3ms]
2024-08-01 16:03:40.751 [info] > git config --get commit.template [6ms]
2024-08-01 16:03:40.753 [info] > git for-each-ref --format=%(refname)%00%(upstream:short)%00%(objectname)%00%(upstream:track)%00%(upstream:remotename)%00%(upstream:remoteref) refs/heads/master refs/remotes/master [2ms]
2024-08-01 16:03:40.761 [info] > git status -z -uall [3ms]
2024-08-01 16:03:40.768 [info] > git for-each-ref --format=%(refname)%00%(upstream:short)%00%(objectname)%00%(upstream:track)%00%(upstream:remotename)%00%(upstream:remoteref) refs/heads/master refs/remotes/master [2ms]
2024-08-01 16:03:40.775 [info] > git config --local branch.master.vscode-merge-base [1ms]
2024-08-01 16:03:40.775 [warning] git config failed: Failed to execute git
2024-08-01 16:03:40.782 [info] > git reflog master --grep-reflog=branch: Created from *. [3ms]
2024-08-01 16:03:40.788 [info] > git symbolic-ref --short refs/remotes/origin/HEAD [1ms]
2024-08-01 16:03:40.788 [info] fatal: ref refs/remotes/origin/HEAD is not a symbolic ref
2024-08-01 16:03:43.298 [info] > git add -A -- . [4ms]
2024-08-01 16:03:43.695 [info] > git for-each-ref --format=%(refname)%00%(upstream:short)%00%(objectname)%00%(upstream:track)%00%(upstream:remotename)%00%(upstream:remoteref) refs/heads/master [2ms]
2024-08-01 16:03:43.703 [info] > git for-each-ref --format=%(refname)%00%(upstream:short)%00%(objectname)%00%(upstream:track)%00%(upstream:remotename)%00%(upstream:remoteref) refs/heads/master [2ms]
2024-08-01 16:03:43.709 [info] > git config --local branch.master.vscode-merge-base [1ms]
2024-08-01 16:03:43.709 [warning] git config failed: Failed to execute git
2024-08-01 16:03:43.717 [info] > git reflog refs/heads/master --grep-reflog=branch: Created from *. [3ms]
2024-08-01 16:03:43.723 [info] > git symbolic-ref --short refs/remotes/origin/HEAD [1ms]
2024-08-01 16:03:43.724 [info] fatal: ref refs/remotes/origin/HEAD is not a symbolic ref
2024-08-01 16:03:43.724 [info] GitHistoryProvider:resolveHistoryItemGroupUpstreamOrBase - Failed to resolve history item group base for 'refs/heads/master'
2024-08-01 16:03:43.724 [info] GitHistoryProvider:resolveHistoryItemGroupCommonAncestor - Failed to resolve history item group base for 'refs/heads/master'
2024-08-01 16:03:44.086 [info] > git for-each-ref --format=%(refname)%00%(upstream:short)%00%(objectname)%00%(upstream:track)%00%(upstream:remotename)%00%(upstream:remoteref) refs/heads/master [2ms]
2024-08-01 16:03:44.094 [info] > git for-each-ref --format=%(refname)%00%(upstream:short)%00%(objectname)%00%(upstream:track)%00%(upstream:remotename)%00%(upstream:remoteref) refs/heads/master [2ms]
2024-08-01 16:03:44.101 [info] > git config --local branch.master.vscode-merge-base [1ms]
2024-08-01 16:03:44.101 [warning] git config failed: Failed to execute git
2024-08-01 16:03:44.108 [info] > git reflog refs/heads/master --grep-reflog=branch: Created from *. [2ms]
2024-08-01 16:03:44.115 [info] > git symbolic-ref --short refs/remotes/origin/HEAD [1ms]
2024-08-01 16:03:44.115 [info] fatal: ref refs/remotes/origin/HEAD is not a symbolic ref
2024-08-01 16:03:44.115 [info] GitHistoryProvider:resolveHistoryItemGroupUpstreamOrBase - Failed to resolve history item group base for 'refs/heads/master'
2024-08-01 16:03:44.115 [info] GitHistoryProvider:resolveHistoryItemGroupCommonAncestor - Failed to resolve history item group base for 'refs/heads/master'
2024-08-01 16:03:45.016 [info] > git show --textconv :.git/COMMIT_EDITMSG [7ms]
2024-08-01 16:03:45.017 [info] > git ls-files --stage -- /workspace/.vscode-remote/.git/COMMIT_EDITMSG [2ms]
2024-08-01 16:03:45.161 [info] > git check-ignore -v -z --stdin [2ms]
2024-08-01 16:03:51.677 [info] > git -c user.useConfigOnly=true commit --quiet [8372ms]
2024-08-01 16:03:51.689 [info] > git config --get commit.template [6ms]
2024-08-01 16:03:51.691 [info] > git for-each-ref --format=%(refname)%00%(upstream:short)%00%(objectname)%00%(upstream:track)%00%(upstream:remotename)%00%(upstream:remoteref) refs/heads/master refs/remotes/master [2ms]
2024-08-01 16:03:51.699 [info] > git status -z -uall [3ms]
2024-08-01 16:03:51.723 [info] > git for-each-ref --format=%(refname)%00%(upstream:short)%00%(objectname)%00%(upstream:track)%00%(upstream:remotename)%00%(upstream:remoteref) refs/heads/master refs/remotes/master [18ms]
2024-08-01 16:03:51.731 [info] > git config --get commit.template [8ms]
2024-08-01 16:03:51.731 [info] > git config --local branch.master.github-pr-owner-number [15ms]
2024-08-01 16:03:51.731 [warning] git config failed: Failed to execute git
2024-08-01 16:03:51.737 [info] > git config --local branch.master.vscode-merge-base [7ms]
2024-08-01 16:03:51.737 [warning] git config failed: Failed to execute git
2024-08-01 16:03:51.750 [info] > git config --local branch.master.remote [12ms]
2024-08-01 16:03:51.750 [warning] git config failed: Failed to execute git
2024-08-01 16:03:51.756 [info] > git for-each-ref --format=%(refname)%00%(upstream:short)%00%(objectname)%00%(upstream:track)%00%(upstream:remotename)%00%(upstream:remoteref) refs/heads/master refs/remotes/master [7ms]
2024-08-01 16:03:51.763 [info] > git reflog master --grep-reflog=branch: Created from *. [20ms]
2024-08-01 16:03:51.771 [info] > git status -z -uall [8ms]
2024-08-01 16:03:51.778 [info] > git config --local branch.master.merge [22ms]
2024-08-01 16:03:51.778 [warning] git config failed: Failed to execute git
2024-08-01 16:03:51.779 [info] > git symbolic-ref --short refs/remotes/origin/HEAD [10ms]
2024-08-01 16:03:51.779 [info] fatal: ref refs/remotes/origin/HEAD is not a symbolic ref
2024-08-01 16:03:51.779 [info] > git for-each-ref --format=%(refname)%00%(upstream:short)%00%(objectname)%00%(upstream:track)%00%(upstream:remotename)%00%(upstream:remoteref) refs/heads/master refs/remotes/master [2ms]
2024-08-01 16:03:51.787 [info] > git config --local branch.master.vscode-merge-base [2ms]
2024-08-01 16:03:51.787 [warning] git config failed: Failed to execute git
2024-08-01 16:03:51.795 [info] > git reflog master --grep-reflog=branch: Created from *. [3ms]
2024-08-01 16:03:51.803 [info] > git symbolic-ref --short refs/remotes/origin/HEAD [1ms]
2024-08-01 16:03:51.803 [info] fatal: ref refs/remotes/origin/HEAD is not a symbolic ref
2024-08-01 16:03:52.020 [info] > git for-each-ref --format=%(refname)%00%(upstream:short)%00%(objectname)%00%(upstream:track)%00%(upstream:remotename)%00%(upstream:remoteref) refs/heads/master [3ms]
2024-08-01 16:03:52.034 [info] > git for-each-ref --format=%(refname)%00%(upstream:short)%00%(objectname)%00%(upstream:track)%00%(upstream:remotename)%00%(upstream:remoteref) refs/heads/master [9ms]
2024-08-01 16:03:52.040 [info] > git config --get commit.template [6ms]
2024-08-01 16:03:52.046 [info] > git config --local branch.master.vscode-merge-base [6ms]
2024-08-01 16:03:52.046 [warning] git config failed: Failed to execute git
2024-08-01 16:03:52.052 [info] > git for-each-ref --format=%(refname)%00%(upstream:short)%00%(objectname)%00%(upstream:track)%00%(upstream:remotename)%00%(upstream:remoteref) refs/heads/master refs/remotes/master [6ms]
2024-08-01 16:03:52.058 [info] > git reflog refs/heads/master --grep-reflog=branch: Created from *. [6ms]
2024-08-01 16:03:52.064 [info] > git status -z -uall [6ms]
2024-08-01 16:03:52.073 [info] > git for-each-ref --format=%(refname)%00%(upstream:short)%00%(objectname)%00%(upstream:track)%00%(upstream:remotename)%00%(upstream:remoteref) refs/heads/master refs/remotes/master [3ms]
2024-08-01 16:03:52.079 [info] > git symbolic-ref --short refs/remotes/origin/HEAD [15ms]
2024-08-01 16:03:52.079 [info] fatal: ref refs/remotes/origin/HEAD is not a symbolic ref
2024-08-01 16:03:52.079 [info] GitHistoryProvider:resolveHistoryItemGroupUpstreamOrBase - Failed to resolve history item group base for 'refs/heads/master'
2024-08-01 16:03:52.079 [info] GitHistoryProvider:resolveHistoryItemGroupCommonAncestor - Failed to resolve history item group base for 'refs/heads/master'
2024-08-01 16:03:52.080 [info] > git config --local branch.master.vscode-merge-base [2ms]
2024-08-01 16:03:52.080 [warning] git config failed: Failed to execute git
2024-08-01 16:03:52.088 [info] > git reflog master --grep-reflog=branch: Created from *. [3ms]
2024-08-01 16:03:52.095 [info] > git symbolic-ref --short refs/remotes/origin/HEAD [2ms]
2024-08-01 16:03:52.095 [info] fatal: ref refs/remotes/origin/HEAD is not a symbolic ref
2024-08-01 16:03:52.370 [info] > git for-each-ref --format=%(refname)%00%(upstream:short)%00%(objectname)%00%(upstream:track)%00%(upstream:remotename)%00%(upstream:remoteref) refs/heads/master [1ms]
2024-08-01 16:03:52.377 [info] > git for-each-ref --format=%(refname)%00%(upstream:short)%00%(objectname)%00%(upstream:track)%00%(upstream:remotename)%00%(upstream:remoteref) refs/heads/master [1ms]
2024-08-01 16:03:52.385 [info] > git config --local branch.master.vscode-merge-base [2ms]
2024-08-01 16:03:52.385 [warning] git config failed: Failed to execute git
2024-08-01 16:03:52.393 [info] > git reflog refs/heads/master --grep-reflog=branch: Created from *. [2ms]
2024-08-01 16:03:52.401 [info] > git symbolic-ref --short refs/remotes/origin/HEAD [1ms]
2024-08-01 16:03:52.401 [info] fatal: ref refs/remotes/origin/HEAD is not a symbolic ref
2024-08-01 16:03:52.401 [info] GitHistoryProvider:resolveHistoryItemGroupUpstreamOrBase - Failed to resolve history item group base for 'refs/heads/master'
2024-08-01 16:03:52.401 [info] GitHistoryProvider:resolveHistoryItemGroupCommonAncestor - Failed to resolve history item group base for 'refs/heads/master'
2024-08-01 16:03:52.877 [info] > git check-ignore -v -z --stdin [2ms]
2024-08-01 16:03:56.791 [info] > git config --get commit.template [5ms]
2024-08-01 16:03:56.792 [info] > git for-each-ref --format=%(refname)%00%(upstream:short)%00%(objectname)%00%(upstream:track)%00%(upstream:remotename)%00%(upstream:remoteref) refs/heads/master refs/remotes/master [2ms]
2024-08-01 16:03:56.800 [info] > git status -z -uall [4ms]
2024-08-01 16:03:56.807 [info] > git for-each-ref --format=%(refname)%00%(upstream:short)%00%(objectname)%00%(upstream:track)%00%(upstream:remotename)%00%(upstream:remoteref) refs/heads/master refs/remotes/master [2ms]
2024-08-01 16:03:56.813 [info] > git config --local branch.master.vscode-merge-base [1ms]
2024-08-01 16:03:56.813 [warning] git config failed: Failed to execute git
2024-08-01 16:03:56.820 [info] > git reflog master --grep-reflog=branch: Created from *. [2ms]
2024-08-01 16:03:56.827 [info] > git symbolic-ref --short refs/remotes/origin/HEAD [2ms]
2024-08-01 16:03:56.827 [info] fatal: ref refs/remotes/origin/HEAD is not a symbolic ref
2024-08-01 16:03:57.115 [info] > git for-each-ref --format=%(refname)%00%(upstream:short)%00%(objectname)%00%(upstream:track)%00%(upstream:remotename)%00%(upstream:remoteref) refs/heads/master [2ms]
2024-08-01 16:03:57.123 [info] > git for-each-ref --format=%(refname)%00%(upstream:short)%00%(objectname)%00%(upstream:track)%00%(upstream:remotename)%00%(upstream:remoteref) refs/heads/master [2ms]
2024-08-01 16:03:57.131 [info] > git config --local branch.master.vscode-merge-base [2ms]
2024-08-01 16:03:57.131 [warning] git config failed: Failed to execute git
2024-08-01 16:03:57.140 [info] > git reflog refs/heads/master --grep-reflog=branch: Created from *. [3ms]
2024-08-01 16:03:57.147 [info] > git symbolic-ref --short refs/remotes/origin/HEAD [1ms]
2024-08-01 16:03:57.147 [info] fatal: ref refs/remotes/origin/HEAD is not a symbolic ref
2024-08-01 16:03:57.147 [info] GitHistoryProvider:resolveHistoryItemGroupUpstreamOrBase - Failed to resolve history item group base for 'refs/heads/master'
2024-08-01 16:03:57.147 [info] GitHistoryProvider:resolveHistoryItemGroupCommonAncestor - Failed to resolve history item group base for 'refs/heads/master'
2024-08-01 16:03:57.415 [info] > git for-each-ref --format=%(refname)%00%(upstream:short)%00%(objectname)%00%(upstream:track)%00%(upstream:remotename)%00%(upstream:remoteref) refs/heads/master [2ms]
2024-08-01 16:03:57.423 [info] > git for-each-ref --format=%(refname)%00%(upstream:short)%00%(objectname)%00%(upstream:track)%00%(upstream:remotename)%00%(upstream:remoteref) refs/heads/master [3ms]
2024-08-01 16:03:57.431 [info] > git config --local branch.master.vscode-merge-base [2ms]
2024-08-01 16:03:57.431 [warning] git config failed: Failed to execute git
2024-08-01 16:03:57.439 [info] > git reflog refs/heads/master --grep-reflog=branch: Created from *. [3ms]
2024-08-01 16:03:57.446 [info] > git symbolic-ref --short refs/remotes/origin/HEAD [2ms]
2024-08-01 16:03:57.446 [info] fatal: ref refs/remotes/origin/HEAD is not a symbolic ref
2024-08-01 16:03:57.446 [info] GitHistoryProvider:resolveHistoryItemGroupUpstreamOrBase - Failed to resolve history item group base for 'refs/heads/master'
2024-08-01 16:03:57.446 [info] GitHistoryProvider:resolveHistoryItemGroupCommonAncestor - Failed to resolve history item group base for 'refs/heads/master'
2024-08-01 16:03:57.921 [info] > git check-ignore -v -z --stdin [2ms]
2024-08-01 16:04:01.679 [info] > git for-each-ref --format=%(refname)%00%(upstream:short)%00%(objectname)%00%(upstream:track)%00%(upstream:remotename)%00%(upstream:remoteref) refs/heads/master [2ms]
2024-08-01 16:04:01.686 [info] > git for-each-ref --format=%(refname)%00%(upstream:short)%00%(objectname)%00%(upstream:track)%00%(upstream:remotename)%00%(upstream:remoteref) refs/heads/master [1ms]
2024-08-01 16:04:01.693 [info] > git config --local branch.master.vscode-merge-base [1ms]
2024-08-01 16:04:01.693 [warning] git config failed: Failed to execute git
2024-08-01 16:04:01.700 [info] > git reflog refs/heads/master --grep-reflog=branch: Created from *. [2ms]
2024-08-01 16:04:01.708 [info] > git symbolic-ref --short refs/remotes/origin/HEAD [2ms]
2024-08-01 16:04:01.708 [info] fatal: ref refs/remotes/origin/HEAD is not a symbolic ref
2024-08-01 16:04:01.708 [info] GitHistoryProvider:resolveHistoryItemGroupUpstreamOrBase - Failed to resolve history item group base for 'refs/heads/master'
2024-08-01 16:04:01.708 [info] GitHistoryProvider:resolveHistoryItemGroupCommonAncestor - Failed to resolve history item group base for 'refs/heads/master'
2024-08-01 16:04:01.720 [info] > git push -u coderoad master [351ms]
2024-08-01 16:04:01.720 [info] remote: Permission to freeCodeCamp/learn-celestial-bodies-database.git denied to Shaikmahenoor024.
fatal: unable to access 'https://github.com/freeCodeCamp/learn-celestial-bodies-database/': The requested URL returned error: 403
2024-08-01 16:04:01.999 [info] > git for-each-ref --format=%(refname)%00%(upstream:short)%00%(objectname)%00%(upstream:track)%00%(upstream:remotename)%00%(upstream:remoteref) refs/heads/master [2ms]
2024-08-01 16:04:02.007 [info] > git for-each-ref --format=%(refname)%00%(upstream:short)%00%(objectname)%00%(upstream:track)%00%(upstream:remotename)%00%(upstream:remoteref) refs/heads/master [2ms]
2024-08-01 16:04:02.013 [info] > git config --local branch.master.vscode-merge-base [1ms]
2024-08-01 16:04:02.014 [warning] git config failed: Failed to execute git
2024-08-01 16:04:02.021 [info] > git reflog refs/heads/master --grep-reflog=branch: Created from *. [3ms]
2024-08-01 16:04:02.028 [info] > git symbolic-ref --short refs/remotes/origin/HEAD [2ms]
2024-08-01 16:04:02.028 [info] fatal: ref refs/remotes/origin/HEAD is not a symbolic ref
2024-08-01 16:04:02.028 [info] GitHistoryProvider:resolveHistoryItemGroupUpstreamOrBase - Failed to resolve history item group base for 'refs/heads/master'
2024-08-01 16:04:02.028 [info] GitHistoryProvider:resolveHistoryItemGroupCommonAncestor - Failed to resolve history item group base for 'refs/heads/master'
2024-08-01 16:04:08.620 [info] > git config --get commit.template [6ms]
2024-08-01 16:04:08.622 [info] > git for-each-ref --format=%(refname)%00%(upstream:short)%00%(objectname)%00%(upstream:track)%00%(upstream:remotename)%00%(upstream:remoteref) refs/heads/master refs/remotes/master [2ms]
2024-08-01 16:04:08.632 [info] > git status -z -uall [5ms]
2024-08-01 16:04:08.650 [info] > git for-each-ref --format=%(refname)%00%(upstream:short)%00%(objectname)%00%(upstream:track)%00%(upstream:remotename)%00%(upstream:remoteref) refs/heads/master refs/remotes/master [11ms]
2024-08-01 16:04:08.656 [info] > git config --get commit.template [7ms]
2024-08-01 16:04:08.662 [info] > git config --local branch.master.vscode-merge-base [6ms]
2024-08-01 16:04:08.662 [warning] git config failed: Failed to execute git
2024-08-01 16:04:08.669 [info] > git for-each-ref --format=%(refname)%00%(upstream:short)%00%(objectname)%00%(upstream:track)%00%(upstream:remotename)%00%(upstream:remoteref) refs/heads/master refs/remotes/master [7ms]
2024-08-01 16:04:08.675 [info] > git reflog master --grep-reflog=branch: Created from *. [7ms]
2024-08-01 16:04:08.680 [info] > git status -z -uall [6ms]
2024-08-01 16:04:08.688 [info] > git symbolic-ref --short refs/remotes/origin/HEAD [8ms]
2024-08-01 16:04:08.688 [info] fatal: ref refs/remotes/origin/HEAD is not a symbolic ref
2024-08-01 16:04:08.689 [info] > git for-each-ref --format=%(refname)%00%(upstream:short)%00%(objectname)%00%(upstream:track)%00%(upstream:remotename)%00%(upstream:remoteref) refs/heads/master refs/remotes/master [2ms]
2024-08-01 16:04:08.696 [info] > git config --local branch.master.vscode-merge-base [1ms]
2024-08-01 16:04:08.696 [warning] git config failed: Failed to execute git
2024-08-01 16:04:08.704 [info] > git reflog master --grep-reflog=branch: Created from *. [2ms]
2024-08-01 16:04:08.711 [info] > git symbolic-ref --short refs/remotes/origin/HEAD [2ms]
2024-08-01 16:04:08.711 [info] fatal: ref refs/remotes/origin/HEAD is not a symbolic ref
2024-08-01 16:04:08.990 [info] > git for-each-ref --format=%(refname)%00%(upstream:short)%00%(objectname)%00%(upstream:track)%00%(upstream:remotename)%00%(upstream:remoteref) refs/heads/master [2ms]
2024-08-01 16:04:08.998 [info] > git for-each-ref --format=%(refname)%00%(upstream:short)%00%(objectname)%00%(upstream:track)%00%(upstream:remotename)%00%(upstream:remoteref) refs/heads/master [2ms]
2024-08-01 16:04:09.006 [info] > git config --local branch.master.vscode-merge-base [2ms]
2024-08-01 16:04:09.006 [warning] git config failed: Failed to execute git
2024-08-01 16:04:09.014 [info] > git reflog refs/heads/master --grep-reflog=branch: Created from *. [2ms]
2024-08-01 16:04:09.021 [info] > git symbolic-ref --short refs/remotes/origin/HEAD [2ms]
2024-08-01 16:04:09.021 [info] fatal: ref refs/remotes/origin/HEAD is not a symbolic ref
2024-08-01 16:04:09.021 [info] GitHistoryProvider:resolveHistoryItemGroupUpstreamOrBase - Failed to resolve history item group base for 'refs/heads/master'
2024-08-01 16:04:09.021 [info] GitHistoryProvider:resolveHistoryItemGroupCommonAncestor - Failed to resolve history item group base for 'refs/heads/master'
2024-08-01 16:04:09.305 [info] > git for-each-ref --format=%(refname)%00%(upstream:short)%00%(objectname)%00%(upstream:track)%00%(upstream:remotename)%00%(upstream:remoteref) refs/heads/master [2ms]
2024-08-01 16:04:09.314 [info] > git for-each-ref --format=%(refname)%00%(upstream:short)%00%(objectname)%00%(upstream:track)%00%(upstream:remotename)%00%(upstream:remoteref) refs/heads/master [2ms]
2024-08-01 16:04:09.322 [info] > git config --local branch.master.vscode-merge-base [2ms]
2024-08-01 16:04:09.322 [warning] git config failed: Failed to execute git
2024-08-01 16:04:09.331 [info] > git reflog refs/heads/master --grep-reflog=branch: Created from *. [3ms]
2024-08-01 16:04:09.339 [info] > git symbolic-ref --short refs/remotes/origin/HEAD [2ms]
2024-08-01 16:04:09.339 [info] fatal: ref refs/remotes/origin/HEAD is not a symbolic ref
2024-08-01 16:04:09.339 [info] GitHistoryProvider:resolveHistoryItemGroupUpstreamOrBase - Failed to resolve history item group base for 'refs/heads/master'
2024-08-01 16:04:09.339 [info] GitHistoryProvider:resolveHistoryItemGroupCommonAncestor - Failed to resolve history item group base for 'refs/heads/master'
2024-08-01 16:04:21.582 [info] > git config --get commit.template [8ms]
2024-08-01 16:04:21.583 [info] > git for-each-ref --format=%(refname)%00%(upstream:short)%00%(objectname)%00%(upstream:track)%00%(upstream:remotename)%00%(upstream:remoteref) refs/heads/master refs/remotes/master [3ms]
2024-08-01 16:04:21.594 [info] > git status -z -uall [4ms]
2024-08-01 16:04:21.605 [info] > git for-each-ref --format=%(refname)%00%(upstream:short)%00%(objectname)%00%(upstream:track)%00%(upstream:remotename)%00%(upstream:remoteref) refs/heads/master refs/remotes/master [3ms]
2024-08-01 16:04:21.615 [info] > git config --local branch.master.vscode-merge-base [3ms]
2024-08-01 16:04:21.615 [warning] git config failed: Failed to execute git
2024-08-01 16:04:21.625 [info] > git reflog master --grep-reflog=branch: Created from *. [3ms]
2024-08-01 16:04:21.633 [info] > git symbolic-ref --short refs/remotes/origin/HEAD [2ms]
2024-08-01 16:04:21.633 [info] fatal: ref refs/remotes/origin/HEAD is not a symbolic ref
2024-08-01 16:04:25.717 [info] > git for-each-ref --format=%(refname)%00%(upstream:short)%00%(objectname)%00%(upstream:track)%00%(upstream:remotename)%00%(upstream:remoteref) refs/heads/master [3ms]
2024-08-01 16:04:25.728 [info] > git push -u coderoad master [354ms]
2024-08-01 16:04:25.728 [info] remote: Permission to freeCodeCamp/learn-celestial-bodies-database.git denied to Shaikmahenoor024.
fatal: unable to access 'https://github.com/freeCodeCamp/learn-celestial-bodies-database/': The requested URL returned error: 403
2024-08-01 16:04:25.729 [info] > git for-each-ref --format=%(refname)%00%(upstream:short)%00%(objectname)%00%(upstream:track)%00%(upstream:remotename)%00%(upstream:remoteref) refs/heads/master [2ms]
2024-08-01 16:04:25.739 [info] > git config --local branch.master.vscode-merge-base [2ms]
2024-08-01 16:04:25.739 [warning] git config failed: Failed to execute git
2024-08-01 16:04:25.750 [info] > git reflog refs/heads/master --grep-reflog=branch: Created from *. [3ms]
2024-08-01 16:04:25.759 [info] > git symbolic-ref --short refs/remotes/origin/HEAD [3ms]
2024-08-01 16:04:25.759 [info] fatal: ref refs/remotes/origin/HEAD is not a symbolic ref
2024-08-01 16:04:25.759 [info] GitHistoryProvider:resolveHistoryItemGroupUpstreamOrBase - Failed to resolve history item group base for 'refs/heads/master'
2024-08-01 16:04:25.759 [info] GitHistoryProvider:resolveHistoryItemGroupCommonAncestor - Failed to resolve history item group base for 'refs/heads/master'
2024-08-01 16:04:26.123 [info] > git for-each-ref --format=%(refname)%00%(upstream:short)%00%(objectname)%00%(upstream:track)%00%(upstream:remotename)%00%(upstream:remoteref) refs/heads/master [3ms]
2024-08-01 16:04:26.134 [info] > git for-each-ref --format=%(refname)%00%(upstream:short)%00%(objectname)%00%(upstream:track)%00%(upstream:remotename)%00%(upstream:remoteref) refs/heads/master [2ms]
2024-08-01 16:04:26.144 [info] > git config --local branch.master.vscode-merge-base [2ms]
2024-08-01 16:04:26.144 [warning] git config failed: Failed to execute git
2024-08-01 16:04:26.154 [info] > git reflog refs/heads/master --grep-reflog=branch: Created from *. [4ms]
2024-08-01 16:04:26.163 [info] > git symbolic-ref --short refs/remotes/origin/HEAD [2ms]
2024-08-01 16:04:26.163 [info] fatal: ref refs/remotes/origin/HEAD is not a symbolic ref
2024-08-01 16:04:26.163 [info] GitHistoryProvider:resolveHistoryItemGroupUpstreamOrBase - Failed to resolve history item group base for 'refs/heads/master'
2024-08-01 16:04:26.163 [info] GitHistoryProvider:resolveHistoryItemGroupCommonAncestor - Failed to resolve history item group base for 'refs/heads/master'
2024-08-01 16:04:29.928 [info] > git remote rename coderoad upstream [17ms]
2024-08-01 16:04:29.946 [info] > git config --get commit.template [9ms]
2024-08-01 16:04:29.947 [info] > git for-each-ref --format=%(refname)%00%(upstream:short)%00%(objectname)%00%(upstream:track)%00%(upstream:remotename)%00%(upstream:remoteref) refs/heads/master refs/remotes/master [2ms]
2024-08-01 16:04:29.958 [info] > git status -z -uall [3ms]
2024-08-01 16:04:29.972 [info] > git for-each-ref --format=%(refname)%00%(upstream:short)%00%(objectname)%00%(upstream:track)%00%(upstream:remotename)%00%(upstream:remoteref) refs/heads/master refs/remotes/master [8ms]
2024-08-01 16:04:29.979 [info] > git remote add origin https://github.com/Shaikmahenoor024/learn-celestial-bodies-database.git [8ms]
2024-08-01 16:04:29.981 [info] > git config --local branch.master.vscode-merge-base [3ms]
2024-08-01 16:04:29.981 [warning] git config failed: Failed to execute git
2024-08-01 16:04:29.995 [info] > git reflog master --grep-reflog=branch: Created from *. [8ms]
2024-08-01 16:04:30.008 [info] > git config --get commit.template [14ms]
2024-08-01 16:04:30.009 [info] > git symbolic-ref --short refs/remotes/origin/HEAD [8ms]
2024-08-01 16:04:30.009 [info] fatal: ref refs/remotes/origin/HEAD is not a symbolic ref
2024-08-01 16:04:30.010 [info] > git for-each-ref --format=%(refname)%00%(upstream:short)%00%(objectname)%00%(upstream:track)%00%(upstream:remotename)%00%(upstream:remoteref) refs/heads/master refs/remotes/master [3ms]
2024-08-01 16:04:30.021 [info] > git status -z -uall [5ms]
2024-08-01 16:04:30.043 [info] > git for-each-ref --format=%(refname)%00%(upstream:short)%00%(objectname)%00%(upstream:track)%00%(upstream:remotename)%00%(upstream:remoteref) refs/heads/master refs/remotes/master [14ms]
2024-08-01 16:04:30.055 [info] > git config --local branch.master.vscode-merge-base [3ms]
2024-08-01 16:04:30.055 [warning] git config failed: Failed to execute git
2024-08-01 16:04:30.068 [info] > git reflog master --grep-reflog=branch: Created from *. [4ms]
2024-08-01 16:04:30.078 [info] > git symbolic-ref --short refs/remotes/origin/HEAD [2ms]
2024-08-01 16:04:30.078 [info] fatal: ref refs/remotes/origin/HEAD is not a symbolic ref
2024-08-01 16:04:30.353 [info] > git for-each-ref --format=%(refname)%00%(upstream:short)%00%(objectname)%00%(upstream:track)%00%(upstream:remotename)%00%(upstream:remoteref) refs/heads/master [39ms]
2024-08-01 16:04:30.362 [info] > git for-each-ref --format=%(refname)%00%(upstream:short)%00%(objectname)%00%(upstream:track)%00%(upstream:remotename)%00%(upstream:remoteref) refs/heads/master [3ms]
2024-08-01 16:04:30.371 [info] > git config --local branch.master.vscode-merge-base [2ms]
2024-08-01 16:04:30.371 [warning] git config failed: Failed to execute git
2024-08-01 16:04:30.384 [info] > git fetch origin master [342ms]
2024-08-01 16:04:30.384 [info] remote: Repository not found.
fatal: repository 'https://github.com/Shaikmahenoor024/learn-celestial-bodies-database.git/' not found
2024-08-01 16:04:30.394 [info] > git reflog refs/heads/master --grep-reflog=branch: Created from *. [15ms]
2024-08-01 16:04:30.404 [info] > git config --get commit.template [10ms]
2024-08-01 16:04:30.405 [info] > git symbolic-ref --short refs/remotes/origin/HEAD [3ms]
2024-08-01 16:04:30.405 [info] fatal: ref refs/remotes/origin/HEAD is not a symbolic ref
2024-08-01 16:04:30.405 [info] GitHistoryProvider:resolveHistoryItemGroupUpstreamOrBase - Failed to resolve history item group base for 'refs/heads/master'
2024-08-01 16:04:30.405 [info] GitHistoryProvider:resolveHistoryItemGroupCommonAncestor - Failed to resolve history item group base for 'refs/heads/master'
2024-08-01 16:04:30.418 [info] > git for-each-ref --format=%(refname)%00%(upstream:short)%00%(objectname)%00%(upstream:track)%00%(upstream:remotename)%00%(upstream:remoteref) refs/heads/master refs/remotes/master [4ms]
2024-08-01 16:04:30.432 [info] > git status -z -uall [5ms]
2024-08-01 16:04:30.451 [info] > git for-each-ref --format=%(refname)%00%(upstream:short)%00%(objectname)%00%(upstream:track)%00%(upstream:remotename)%00%(upstream:remoteref) refs/heads/master refs/remotes/master [10ms]
2024-08-01 16:04:30.462 [info] > git config --local branch.master.vscode-merge-base [2ms]
2024-08-01 16:04:30.462 [warning] git config failed: Failed to execute git
2024-08-01 16:04:30.473 [info] > git reflog master --grep-reflog=branch: Created from *. [3ms]
2024-08-01 16:04:30.483 [info] > git symbolic-ref --short refs/remotes/origin/HEAD [2ms]
2024-08-01 16:04:30.483 [info] fatal: ref refs/remotes/origin/HEAD is not a symbolic ref
2024-08-01 16:04:30.779 [info] > git config --local branch.master.github-pr-owner-number [125ms]
2024-08-01 16:04:30.779 [warning] git config failed: Failed to execute git
2024-08-01 16:04:30.788 [info] > git config --local branch.master.remote [3ms]
2024-08-01 16:04:30.788 [warning] git config failed: Failed to execute git
2024-08-01 16:04:30.806 [info] > git config --local branch.master.merge [11ms]
2024-08-01 16:04:30.806 [warning] git config failed: Failed to execute git
2024-08-01 16:04:30.817 [info] > git for-each-ref --format=%(refname)%00%(upstream:short)%00%(objectname)%00%(upstream:track)%00%(upstream:remotename)%00%(upstream:remoteref) refs/heads/master [4ms]
2024-08-01 16:04:30.857 [info] > git for-each-ref --format=%(refname)%00%(upstream:short)%00%(objectname)%00%(upstream:track)%00%(upstream:remotename)%00%(upstream:remoteref) refs/heads/master [2ms]
2024-08-01 16:04:30.867 [info] > git config --local branch.master.vscode-merge-base [2ms]
2024-08-01 16:04:30.867 [warning] git config failed: Failed to execute git
2024-08-01 16:04:30.875 [info] > git reflog refs/heads/master --grep-reflog=branch: Created from *. [3ms]
2024-08-01 16:04:30.882 [info] > git push -u origin master [432ms]
2024-08-01 16:04:30.882 [info] remote: Repository not found.
fatal: repository 'https://github.com/Shaikmahenoor024/learn-celestial-bodies-database.git/' not found
2024-08-01 16:04:30.890 [info] > git symbolic-ref --short refs/remotes/origin/HEAD [8ms]
2024-08-01 16:04:30.890 [info] fatal: ref refs/remotes/origin/HEAD is not a symbolic ref
2024-08-01 16:04:30.890 [info] GitHistoryProvider:resolveHistoryItemGroupUpstreamOrBase - Failed to resolve history item group base for 'refs/heads/master'
2024-08-01 16:04:30.890 [info] GitHistoryProvider:resolveHistoryItemGroupCommonAncestor - Failed to resolve history item group base for 'refs/heads/master'
2024-08-01 16:04:30.899 [info] > git config --get commit.template [10ms]
2024-08-01 16:04:30.900 [info] > git for-each-ref --format=%(refname)%00%(upstream:short)%00%(objectname)%00%(upstream:track)%00%(upstream:remotename)%00%(upstream:remoteref) refs/heads/master refs/remotes/master [2ms]
2024-08-01 16:04:30.913 [info] > git status -z -uall [5ms]
2024-08-01 16:04:30.968 [info] > git for-each-ref --format=%(refname)%00%(upstream:short)%00%(objectname)%00%(upstream:track)%00%(upstream:remotename)%00%(upstream:remoteref) refs/heads/master refs/remotes/master [48ms]
2024-08-01 16:04:30.977 [info] > git config --get commit.template [9ms]
2024-08-01 16:04:30.978 [info] > git config --get commit.template [44ms]
2024-08-01 16:04:30.992 [info] > git config --local branch.master.vscode-merge-base [16ms]
2024-08-01 16:04:30.992 [warning] git config failed: Failed to execute git
2024-08-01 16:04:31.004 [info] > git for-each-ref --format=%(refname)%00%(upstream:short)%00%(objectname)%00%(upstream:track)%00%(upstream:remotename)%00%(upstream:remoteref) refs/heads/master refs/remotes/master [13ms]
2024-08-01 16:04:31.011 [info] > git for-each-ref --format=%(refname)%00%(upstream:short)%00%(objectname)%00%(upstream:track)%00%(upstream:remotename)%00%(upstream:remoteref) refs/heads/master refs/remotes/master [25ms]
2024-08-01 16:04:31.014 [info] > git reflog master --grep-reflog=branch: Created from *. [15ms]
2024-08-01 16:04:31.023 [info] > git status -z -uall [13ms]
2024-08-01 16:04:31.040 [info] > git symbolic-ref --short refs/remotes/origin/HEAD [19ms]
2024-08-01 16:04:31.040 [info] fatal: ref refs/remotes/origin/HEAD is not a symbolic ref
2024-08-01 16:04:31.046 [info] > git for-each-ref --format=%(refname)%00%(upstream:short)%00%(objectname)%00%(upstream:track)%00%(upstream:remotename)%00%(upstream:remoteref) refs/heads/master refs/remotes/master [15ms]
2024-08-01 16:04:31.057 [info] > git config --local branch.master.vscode-merge-base [2ms]
2024-08-01 16:04:31.057 [warning] git config failed: Failed to execute git
2024-08-01 16:04:31.068 [info] > git reflog master --grep-reflog=branch: Created from *. [3ms]
2024-08-01 16:04:31.078 [info] > git symbolic-ref --short refs/remotes/origin/HEAD [3ms]
2024-08-01 16:04:31.078 [info] fatal: ref refs/remotes/origin/HEAD is not a symbolic ref
2024-08-01 16:04:31.233 [info] > git for-each-ref --format=%(refname)%00%(upstream:short)%00%(objectname)%00%(upstream:track)%00%(upstream:remotename)%00%(upstream:remoteref) refs/heads/master [2ms]
2024-08-01 16:04:31.243 [info] > git for-each-ref --format=%(refname)%00%(upstream:short)%00%(objectname)%00%(upstream:track)%00%(upstream:remotename)%00%(upstream:remoteref) refs/heads/master [2ms]
2024-08-01 16:04:31.255 [info] > git config --local branch.master.vscode-merge-base [3ms]
2024-08-01 16:04:31.255 [warning] git config failed: Failed to execute git
2024-08-01 16:04:31.267 [info] > git reflog refs/heads/master --grep-reflog=branch: Created from *. [3ms]
2024-08-01 16:04:31.278 [info] > git symbolic-ref --short refs/remotes/origin/HEAD [3ms]
2024-08-01 16:04:31.278 [info] fatal: ref refs/remotes/origin/HEAD is not a symbolic ref
2024-08-01 16:04:31.278 [info] GitHistoryProvider:resolveHistoryItemGroupUpstreamOrBase - Failed to resolve history item group base for 'refs/heads/master'
2024-08-01 16:04:31.278 [info] GitHistoryProvider:resolveHistoryItemGroupCommonAncestor - Failed to resolve history item group base for 'refs/heads/master'
2024-08-01 16:04:31.653 [info] > git for-each-ref --format=%(refname)%00%(upstream:short)%00%(objectname)%00%(upstream:track)%00%(upstream:remotename)%00%(upstream:remoteref) refs/heads/master [2ms]
2024-08-01 16:04:31.665 [info] > git for-each-ref --format=%(refname)%00%(upstream:short)%00%(objectname)%00%(upstream:track)%00%(upstream:remotename)%00%(upstream:remoteref) refs/heads/master [3ms]
2024-08-01 16:04:31.678 [info] > git config --local branch.master.vscode-merge-base [5ms]
2024-08-01 16:04:31.678 [warning] git config failed: Failed to execute git
2024-08-01 16:04:31.689 [info] > git reflog refs/heads/master --grep-reflog=branch: Created from *. [3ms]
2024-08-01 16:04:31.700 [info] > git symbolic-ref --short refs/remotes/origin/HEAD [2ms]
2024-08-01 16:04:31.700 [info] fatal: ref refs/remotes/origin/HEAD is not a symbolic ref
2024-08-01 16:04:31.700 [info] GitHistoryProvider:resolveHistoryItemGroupUpstreamOrBase - Failed to resolve history item group base for 'refs/heads/master'
2024-08-01 16:04:31.700 [info] GitHistoryProvider:resolveHistoryItemGroupCommonAncestor - Failed to resolve history item group base for 'refs/heads/master'
2024-08-01 16:04:32.854 [info] > git config --local branch.master.github-pr-owner-number [167ms]
2024-08-01 16:04:32.854 [warning] git config failed: Failed to execute git
2024-08-01 16:04:32.867 [info] > git config --local branch.master.remote [3ms]
2024-08-01 16:04:32.867 [warning] git config failed: Failed to execute git
2024-08-01 16:04:32.896 [info] > git config --local branch.master.merge [20ms]
2024-08-01 16:04:32.896 [warning] git config failed: Failed to execute git
2024-08-01 16:04:39.011 [info] > git config --get commit.template [9ms]
2024-08-01 16:04:39.012 [info] > git for-each-ref --format=%(refname)%00%(upstream:short)%00%(objectname)%00%(upstream:track)%00%(upstream:remotename)%00%(upstream:remoteref) refs/heads/master refs/remotes/master [2ms]
2024-08-01 16:04:39.026 [info] > git status -z -uall [6ms]
2024-08-01 16:04:39.038 [info] > git for-each-ref --format=%(refname)%00%(upstream:short)%00%(objectname)%00%(upstream:track)%00%(upstream:remotename)%00%(upstream:remoteref) refs/heads/master refs/remotes/master [3ms]
2024-08-01 16:04:39.048 [info] > git config --local branch.master.vscode-merge-base [2ms]
2024-08-01 16:04:39.048 [warning] git config failed: Failed to execute git
2024-08-01 16:04:39.060 [info] > git reflog master --grep-reflog=branch: Created from *. [4ms]
2024-08-01 16:04:39.070 [info] > git symbolic-ref --short refs/remotes/origin/HEAD [2ms]
2024-08-01 16:04:39.070 [info] fatal: ref refs/remotes/origin/HEAD is not a symbolic ref
2024-08-01 16:04:39.535 [info] > git for-each-ref --format=%(refname)%00%(upstream:short)%00%(objectname)%00%(upstream:track)%00%(upstream:remotename)%00%(upstream:remoteref) refs/heads/master [3ms]
2024-08-01 16:04:39.548 [info] > git for-each-ref --format=%(refname)%00%(upstream:short)%00%(objectname)%00%(upstream:track)%00%(upstream:remotename)%00%(upstream:remoteref) refs/heads/master [2ms]
2024-08-01 16:04:39.557 [info] > git config --local branch.master.vscode-merge-base [2ms]
2024-08-01 16:04:39.557 [warning] git config failed: Failed to execute git
2024-08-01 16:04:39.571 [info] > git reflog refs/heads/master --grep-reflog=branch: Created from *. [3ms]
2024-08-01 16:04:39.581 [info] > git symbolic-ref --short refs/remotes/origin/HEAD [3ms]
2024-08-01 16:04:39.581 [info] fatal: ref refs/remotes/origin/HEAD is not a symbolic ref
2024-08-01 16:04:39.581 [info] GitHistoryProvider:resolveHistoryItemGroupUpstreamOrBase - Failed to resolve history item group base for 'refs/heads/master'
2024-08-01 16:04:39.581 [info] GitHistoryProvider:resolveHistoryItemGroupCommonAncestor - Failed to resolve history item group base for 'refs/heads/master'
2024-08-01 16:04:39.959 [info] > git for-each-ref --format=%(refname)%00%(upstream:short)%00%(objectname)%00%(upstream:track)%00%(upstream:remotename)%00%(upstream:remoteref) refs/heads/master [4ms]
2024-08-01 16:04:39.969 [info] > git for-each-ref --format=%(refname)%00%(upstream:short)%00%(objectname)%00%(upstream:track)%00%(upstream:remotename)%00%(upstream:remoteref) refs/heads/master [2ms]
2024-08-01 16:04:39.980 [info] > git config --local branch.master.vscode-merge-base [2ms]
2024-08-01 16:04:39.980 [warning] git config failed: Failed to execute git
2024-08-01 16:04:39.991 [info] > git reflog refs/heads/master --grep-reflog=branch: Created from *. [3ms]
2024-08-01 16:04:40.001 [info] > git symbolic-ref --short refs/remotes/origin/HEAD [2ms]
2024-08-01 16:04:40.001 [info] fatal: ref refs/remotes/origin/HEAD is not a symbolic ref
2024-08-01 16:04:40.001 [info] GitHistoryProvider:resolveHistoryItemGroupUpstreamOrBase - Failed to resolve history item group base for 'refs/heads/master'
2024-08-01 16:04:40.001 [info] GitHistoryProvider:resolveHistoryItemGroupCommonAncestor - Failed to resolve history item group base for 'refs/heads/master'
2024-08-01 16:04:40.467 [info] > git check-ignore -v -z --stdin [2ms]
2024-08-01 16:04:44.053 [info] > git config --get commit.template [8ms]
2024-08-01 16:04:44.055 [info] > git for-each-ref --format=%(refname)%00%(upstream:short)%00%(objectname)%00%(upstream:track)%00%(upstream:remotename)%00%(upstream:remoteref) refs/heads/master refs/remotes/master [3ms]
2024-08-01 16:04:44.068 [info] > git status -z -uall [5ms]
2024-08-01 16:04:44.080 [info] > git for-each-ref --format=%(refname)%00%(upstream:short)%00%(objectname)%00%(upstream:track)%00%(upstream:remotename)%00%(upstream:remoteref) refs/heads/master refs/remotes/master [4ms]
2024-08-01 16:04:44.095 [info] > git config --local branch.master.vscode-merge-base [2ms]
2024-08-01 16:04:44.095 [warning] git config failed: Failed to execute git
2024-08-01 16:04:44.107 [info] > git reflog master --grep-reflog=branch: Created from *. [4ms]
2024-08-01 16:04:44.119 [info] > git symbolic-ref --short refs/remotes/origin/HEAD [2ms]
2024-08-01 16:04:44.119 [info] fatal: ref refs/remotes/origin/HEAD is not a symbolic ref
2024-08-01 16:04:49.097 [info] > git config --get commit.template [10ms]
2024-08-01 16:04:49.097 [info] > git for-each-ref --format=%(refname)%00%(upstream:short)%00%(objectname)%00%(upstream:track)%00%(upstream:remotename)%00%(upstream:remoteref) refs/heads/master refs/remotes/master [3ms]
2024-08-01 16:04:49.109 [info] > git status -z -uall [5ms]
2024-08-01 16:04:49.121 [info] > git for-each-ref --format=%(refname)%00%(upstream:short)%00%(objectname)%00%(upstream:track)%00%(upstream:remotename)%00%(upstream:remoteref) refs/heads/master refs/remotes/master [3ms]
2024-08-01 16:04:49.130 [info] > git config --local branch.master.vscode-merge-base [2ms]
2024-08-01 16:04:49.131 [warning] git config failed: Failed to execute git
2024-08-01 16:04:49.142 [info] > git reflog master --grep-reflog=branch: Created from *. [3ms]
2024-08-01 16:04:49.153 [info] > git symbolic-ref --short refs/remotes/origin/HEAD [4ms]
2024-08-01 16:04:49.154 [info] fatal: ref refs/remotes/origin/HEAD is not a symbolic ref
2024-08-01 16:04:50.236 [info] > git push -u upstream master [340ms]
2024-08-01 16:04:50.236 [info] remote: Permission to freeCodeCamp/learn-celestial-bodies-database.git denied to Shaikmahenoor024.
fatal: unable to access 'https://github.com/freeCodeCamp/learn-celestial-bodies-database/': The requested URL returned error: 403
2024-08-01 16:04:50.765 [info] > git for-each-ref --format=%(refname)%00%(upstream:short)%00%(objectname)%00%(upstream:track)%00%(upstream:remotename)%00%(upstream:remoteref) refs/heads/master [3ms]
2024-08-01 16:04:50.776 [info] > git for-each-ref --format=%(refname)%00%(upstream:short)%00%(objectname)%00%(upstream:track)%00%(upstream:remotename)%00%(upstream:remoteref) refs/heads/master [3ms]
2024-08-01 16:04:50.787 [info] > git config --local branch.master.vscode-merge-base [2ms]
2024-08-01 16:04:50.787 [warning] git config failed: Failed to execute git
2024-08-01 16:04:50.798 [info] > git reflog refs/heads/master --grep-reflog=branch: Created from *. [3ms]
2024-08-01 16:04:50.809 [info] > git symbolic-ref --short refs/remotes/origin/HEAD [2ms]
2024-08-01 16:04:50.809 [info] fatal: ref refs/remotes/origin/HEAD is not a symbolic ref
2024-08-01 16:04:50.809 [info] GitHistoryProvider:resolveHistoryItemGroupUpstreamOrBase - Failed to resolve history item group base for 'refs/heads/master'
2024-08-01 16:04:50.809 [info] GitHistoryProvider:resolveHistoryItemGroupCommonAncestor - Failed to resolve history item group base for 'refs/heads/master'
2024-08-01 16:04:51.104 [info] > git for-each-ref --format=%(refname)%00%(upstream:short)%00%(objectname)%00%(upstream:track)%00%(upstream:remotename)%00%(upstream:remoteref) refs/heads/master [3ms]
2024-08-01 16:04:51.116 [info] > git for-each-ref --format=%(refname)%00%(upstream:short)%00%(objectname)%00%(upstream:track)%00%(upstream:remotename)%00%(upstream:remoteref) refs/heads/master [3ms]
2024-08-01 16:04:51.126 [info] > git config --local branch.master.vscode-merge-base [3ms]
2024-08-01 16:04:51.126 [warning] git config failed: Failed to execute git
2024-08-01 16:04:51.137 [info] > git reflog refs/heads/master --grep-reflog=branch: Created from *. [4ms]
2024-08-01 16:04:51.148 [info] > git symbolic-ref --short refs/remotes/origin/HEAD [3ms]
2024-08-01 16:04:51.148 [info] fatal: ref refs/remotes/origin/HEAD is not a symbolic ref
2024-08-01 16:04:51.148 [info] GitHistoryProvider:resolveHistoryItemGroupUpstreamOrBase - Failed to resolve history item group base for 'refs/heads/master'
2024-08-01 16:04:51.148 [info] GitHistoryProvider:resolveHistoryItemGroupCommonAncestor - Failed to resolve history item group base for 'refs/heads/master'
2024-08-01 16:04:53.451 [info] > git remote rename upstream upstream [2ms]
2024-08-01 16:04:53.451 [info] error: remote upstream already exists.
2024-08-01 16:04:53.463 [info] > git config --get commit.template [5ms]
2024-08-01 16:04:53.465 [info] > git for-each-ref --format=%(refname)%00%(upstream:short)%00%(objectname)%00%(upstream:track)%00%(upstream:remotename)%00%(upstream:remoteref) refs/heads/master refs/remotes/master [2ms]
2024-08-01 16:04:53.474 [info] > git status -z -uall [4ms]
2024-08-01 16:04:53.486 [info] > git for-each-ref --format=%(refname)%00%(upstream:short)%00%(objectname)%00%(upstream:track)%00%(upstream:remotename)%00%(upstream:remoteref) refs/heads/master refs/remotes/master [7ms]
2024-08-01 16:04:53.492 [info] > git config --get commit.template [6ms]
2024-08-01 16:04:53.499 [info] > git config --local branch.master.vscode-merge-base [8ms]
2024-08-01 16:04:53.499 [warning] git config failed: Failed to execute git
2024-08-01 16:04:53.506 [info] > git for-each-ref --format=%(refname)%00%(upstream:short)%00%(objectname)%00%(upstream:track)%00%(upstream:remotename)%00%(upstream:remoteref) refs/heads/master refs/remotes/master [8ms]
2024-08-01 16:04:53.511 [info] > git reflog master --grep-reflog=branch: Created from *. [6ms]
2024-08-01 16:04:53.517 [info] > git status -z -uall [6ms]
2024-08-01 16:04:53.526 [info] > git for-each-ref --format=%(refname)%00%(upstream:short)%00%(objectname)%00%(upstream:track)%00%(upstream:remotename)%00%(upstream:remoteref) refs/heads/master refs/remotes/master [3ms]
2024-08-01 16:04:53.531 [info] > git symbolic-ref --short refs/remotes/origin/HEAD [15ms]
2024-08-01 16:04:53.531 [info] fatal: ref refs/remotes/origin/HEAD is not a symbolic ref
2024-08-01 16:04:53.532 [info] > git config --local branch.master.vscode-merge-base [1ms]
2024-08-01 16:04:53.533 [warning] git config failed: Failed to execute git
2024-08-01 16:04:53.541 [info] > git reflog master --grep-reflog=branch: Created from *. [2ms]
2024-08-01 16:04:53.548 [info] > git symbolic-ref --short refs/remotes/origin/HEAD [2ms]
2024-08-01 16:04:53.548 [info] fatal: ref refs/remotes/origin/HEAD is not a symbolic ref
2024-08-01 16:04:53.966 [info] > git for-each-ref --format=%(refname)%00%(upstream:short)%00%(objectname)%00%(upstream:track)%00%(upstream:remotename)%00%(upstream:remoteref) refs/heads/master [2ms]
2024-08-01 16:04:53.974 [info] > git for-each-ref --format=%(refname)%00%(upstream:short)%00%(objectname)%00%(upstream:track)%00%(upstream:remotename)%00%(upstream:remoteref) refs/heads/master [3ms]
2024-08-01 16:04:53.982 [info] > git config --local branch.master.vscode-merge-base [2ms]
2024-08-01 16:04:53.982 [warning] git config failed: Failed to execute git
2024-08-01 16:04:53.990 [info] > git reflog refs/heads/master --grep-reflog=branch: Created from *. [3ms]
2024-08-01 16:04:53.997 [info] > git symbolic-ref --short refs/remotes/origin/HEAD [1ms]
2024-08-01 16:04:53.998 [info] fatal: ref refs/remotes/origin/HEAD is not a symbolic ref
2024-08-01 16:04:53.998 [info] GitHistoryProvider:resolveHistoryItemGroupUpstreamOrBase - Failed to resolve history item group base for 'refs/heads/master'
2024-08-01 16:04:53.998 [info] GitHistoryProvider:resolveHistoryItemGroupCommonAncestor - Failed to resolve history item group base for 'refs/heads/master'
2024-08-01 16:04:54.133 [info] > git config --get commit.template [6ms]
2024-08-01 16:04:54.134 [info] > git for-each-ref --format=%(refname)%00%(upstream:short)%00%(objectname)%00%(upstream:track)%00%(upstream:remotename)%00%(upstream:remoteref) refs/heads/master refs/remotes/master [2ms]
2024-08-01 16:04:54.144 [info] > git status -z -uall [4ms]
2024-08-01 16:04:54.152 [info] > git for-each-ref --format=%(refname)%00%(upstream:short)%00%(objectname)%00%(upstream:track)%00%(upstream:remotename)%00%(upstream:remoteref) refs/heads/master refs/remotes/master [1ms]
2024-08-01 16:04:54.159 [info] > git config --local branch.master.vscode-merge-base [2ms]
2024-08-01 16:04:54.159 [warning] git config failed: Failed to execute git
2024-08-01 16:04:54.167 [info] > git reflog master --grep-reflog=branch: Created from *. [3ms]
2024-08-01 16:04:54.174 [info] > git symbolic-ref --short refs/remotes/origin/HEAD [2ms]
2024-08-01 16:04:54.174 [info] fatal: ref refs/remotes/origin/HEAD is not a symbolic ref
2024-08-01 16:04:54.455 [info] > git for-each-ref --format=%(refname)%00%(upstream:short)%00%(objectname)%00%(upstream:track)%00%(upstream:remotename)%00%(upstream:remoteref) refs/heads/master [2ms]
2024-08-01 16:04:54.463 [info] > git for-each-ref --format=%(refname)%00%(upstream:short)%00%(objectname)%00%(upstream:track)%00%(upstream:remotename)%00%(upstream:remoteref) refs/heads/master [1ms]
2024-08-01 16:04:54.469 [info] > git config --local branch.master.vscode-merge-base [2ms]
2024-08-01 16:04:54.469 [warning] git config failed: Failed to execute git
2024-08-01 16:04:54.476 [info] > git reflog refs/heads/master --grep-reflog=branch: Created from *. [2ms]
2024-08-01 16:04:54.483 [info] > git symbolic-ref --short refs/remotes/origin/HEAD [1ms]
2024-08-01 16:04:54.483 [info] fatal: ref refs/remotes/origin/HEAD is not a symbolic ref
2024-08-01 16:04:54.483 [info] GitHistoryProvider:resolveHistoryItemGroupUpstreamOrBase - Failed to resolve history item group base for 'refs/heads/master'
2024-08-01 16:04:54.483 [info] GitHistoryProvider:resolveHistoryItemGroupCommonAncestor - Failed to resolve history item group base for 'refs/heads/master'
2024-08-01 16:04:59.163 [info] > git config --get commit.template [5ms]
2024-08-01 16:04:59.164 [info] > git for-each-ref --format=%(refname)%00%(upstream:short)%00%(objectname)%00%(upstream:track)%00%(upstream:remotename)%00%(upstream:remoteref) refs/heads/master refs/remotes/master [1ms]
2024-08-01 16:04:59.173 [info] > git status -z -uall [4ms]
2024-08-01 16:04:59.180 [info] > git for-each-ref --format=%(refname)%00%(upstream:short)%00%(objectname)%00%(upstream:track)%00%(upstream:remotename)%00%(upstream:remoteref) refs/heads/master refs/remotes/master [2ms]
2024-08-01 16:04:59.186 [info] > git config --local branch.master.vscode-merge-base [2ms]
2024-08-01 16:04:59.186 [warning] git config failed: Failed to execute git
2024-08-01 16:04:59.193 [info] > git reflog master --grep-reflog=branch: Created from *. [2ms]
2024-08-01 16:04:59.200 [info] > git symbolic-ref --short refs/remotes/origin/HEAD [2ms]
2024-08-01 16:04:59.200 [info] fatal: ref refs/remotes/origin/HEAD is not a symbolic ref
2024-08-01 16:05:03.262 [info] > git push -u origin master [2094ms]
2024-08-01 16:05:03.262 [info] remote: 
remote: Create a pull request for 'master' on GitHub by visiting:        
remote:      https://github.com/Shaikmahenoor024/learn-celestial-bodies-database/pull/new/master        
remote: 
To https://github.com/Shaikmahenoor024/learn-celestial-bodies-database.git
 * [new branch]      master -> master
2024-08-01 16:05:03.276 [info] > git config --get commit.template [6ms]
2024-08-01 16:05:03.276 [info] > git for-each-ref --format=%(refname)%00%(upstream:short)%00%(objectname)%00%(upstream:track)%00%(upstream:remotename)%00%(upstream:remoteref) refs/heads/master refs/remotes/master [2ms]
2024-08-01 16:05:03.286 [info] > git status -z -uall [4ms]
2024-08-01 16:05:03.297 [info] > git for-each-ref --format=%(refname)%00%(upstream:short)%00%(objectname)%00%(upstream:track)%00%(upstream:remotename)%00%(upstream:remoteref) refs/heads/master refs/remotes/master [6ms]
2024-08-01 16:05:03.304 [info] > git config --local branch.master.vscode-merge-base [1ms]
2024-08-01 16:05:03.304 [warning] git config failed: Failed to execute git
2024-08-01 16:05:03.312 [info] > git reflog master --grep-reflog=branch: Created from *. [2ms]
2024-08-01 16:05:03.319 [info] > git symbolic-ref --short refs/remotes/origin/HEAD [2ms]
2024-08-01 16:05:03.319 [info] fatal: ref refs/remotes/origin/HEAD is not a symbolic ref
2024-08-01 16:05:03.327 [info] > git merge-base refs/heads/master refs/remotes/origin/master [2ms]
2024-08-01 16:05:03.336 [info] > git rev-list --count --left-right refs/heads/master...refs/remotes/origin/master [2ms]
2024-08-01 16:05:03.343 [info] > git diff --name-status -z --diff-filter=ADMR a43acc58a909fe287caa33a267efcafc4ccaf6ab...refs/remotes/origin/master [2ms]
2024-08-01 16:05:04.193 [info] > git config --get commit.template [8ms]
2024-08-01 16:05:04.195 [info] > git for-each-ref --format=%(refname)%00%(upstream:short)%00%(objectname)%00%(upstream:track)%00%(upstream:remotename)%00%(upstream:remoteref) refs/heads/master refs/remotes/master [2ms]
2024-08-01 16:05:04.205 [info] > git status -z -uall [4ms]
2024-08-01 16:05:04.214 [info] > git for-each-ref --format=%(refname)%00%(upstream:short)%00%(objectname)%00%(upstream:track)%00%(upstream:remotename)%00%(upstream:remoteref) refs/heads/master refs/remotes/master [2ms]
2024-08-01 16:05:04.222 [info] > git config --local branch.master.vscode-merge-base [2ms]
2024-08-01 16:05:04.222 [warning] git config failed: Failed to execute git
2024-08-01 16:05:04.230 [info] > git reflog master --grep-reflog=branch: Created from *. [2ms]
2024-08-01 16:05:04.237 [info] > git symbolic-ref --short refs/remotes/origin/HEAD [1ms]
2024-08-01 16:05:04.238 [info] fatal: ref refs/remotes/origin/HEAD is not a symbolic ref
2024-08-01 16:05:05.959 [info] > git for-each-ref --format=%(refname)%00%(upstream:short)%00%(objectname)%00%(upstream:track)%00%(upstream:remotename)%00%(upstream:remoteref) refs/heads/master [2ms]
2024-08-01 16:05:05.966 [info] > git merge-base refs/heads/master refs/remotes/origin/master [2ms]
2024-08-01 16:05:06.100 [info] > git config --local branch.master.github-pr-owner-number [121ms]
2024-08-01 16:05:06.101 [warning] git config failed: Failed to execute git
2024-08-01 16:05:06.128 [info] > git rev-list --count --left-right refs/heads/master...refs/remotes/origin/master [156ms]
2024-08-01 16:05:09.226 [info] > git config --get commit.template [6ms]
2024-08-01 16:05:09.228 [info] > git for-each-ref --format=%(refname)%00%(upstream:short)%00%(objectname)%00%(upstream:track)%00%(upstream:remotename)%00%(upstream:remoteref) refs/heads/master refs/remotes/master [3ms]
2024-08-01 16:05:09.237 [info] > git status -z -uall [4ms]
2024-08-01 16:05:09.244 [info] > git for-each-ref --format=%(refname)%00%(upstream:short)%00%(objectname)%00%(upstream:track)%00%(upstream:remotename)%00%(upstream:remoteref) refs/heads/master refs/remotes/master [2ms]
2024-08-01 16:05:09.251 [info] > git config --local branch.master.vscode-merge-base [2ms]
2024-08-01 16:05:09.251 [warning] git config failed: Failed to execute git
2024-08-01 16:05:09.258 [info] > git reflog master --grep-reflog=branch: Created from *. [2ms]
2024-08-01 16:05:09.270 [info] > git symbolic-ref --short refs/remotes/origin/HEAD [6ms]
2024-08-01 16:05:09.270 [info] fatal: ref refs/remotes/origin/HEAD is not a symbolic ref
2024-08-01 16:05:09.271 [info] > git for-each-ref --format=%(refname)%00%(upstream:short)%00%(objectname)%00%(upstream:track)%00%(upstream:remotename)%00%(upstream:remoteref) refs/heads/master refs/remotes/master [2ms]
2024-08-01 16:05:09.291 [info] > git for-each-ref --format=%(refname)%00%(upstream:short)%00%(objectname)%00%(upstream:track)%00%(upstream:remotename)%00%(upstream:remoteref) refs/heads/master refs/remotes/master [6ms]
2024-08-01 16:05:09.291 [info] > git for-each-ref --format=%(refname)%00%(upstream:short)%00%(objectname)%00%(upstream:track)%00%(upstream:remotename)%00%(upstream:remoteref) refs/heads/master refs/remotes/master [13ms]
2024-08-01 16:05:09.293 [info] > git for-each-ref --format=%(refname)%00%(upstream:short)%00%(objectname)%00%(upstream:track)%00%(upstream:remotename)%00%(upstream:remoteref) refs/heads/master refs/remotes/master [2ms]
2024-08-01 16:05:09.300 [info] > git for-each-ref --format=%(refname)%00%(upstream:short)%00%(objectname)%00%(upstream:track)%00%(upstream:remotename)%00%(upstream:remoteref) refs/heads/master refs/remotes/master [2ms]
2024-08-01 16:05:09.362 [info] > git for-each-ref --format=%(refname)%00%(upstream:short)%00%(objectname)%00%(upstream:track)%00%(upstream:remotename)%00%(upstream:remoteref) refs/heads/master refs/remotes/master [56ms]
2024-08-01 16:05:09.371 [info] > git show -s --format=%H%n%aN%n%aE%n%at%n%ct%n%P%n%D%n%B -z a43acc58a909fe287caa33a267efcafc4ccaf6ab [3ms]
2024-08-01 16:05:10.891 [info] > git for-each-ref --format=%(refname)%00%(upstream:short)%00%(objectname)%00%(upstream:track)%00%(upstream:remotename)%00%(upstream:remoteref) refs/heads/master refs/remotes/master [2ms]
2024-08-01 16:05:11.002 [info] > git for-each-ref --format=%(refname)%00%(upstream:short)%00%(objectname)%00%(upstream:track)%00%(upstream:remotename)%00%(upstream:remoteref) refs/heads/master refs/remotes/master [104ms]
2024-08-01 16:05:11.011 [info] > git show -s --format=%H%n%aN%n%aE%n%at%n%ct%n%P%n%D%n%B -z a43acc58a909fe287caa33a267efcafc4ccaf6ab [4ms]
2024-08-01 16:05:14.076 [info] > git for-each-ref --format=%(refname)%00%(upstream:short)%00%(objectname)%00%(upstream:track)%00%(upstream:remotename)%00%(upstream:remoteref) refs/heads/master refs/remotes/master [2ms]
2024-08-01 16:05:14.193 [info] > git for-each-ref --format=%(refname)%00%(upstream:short)%00%(objectname)%00%(upstream:track)%00%(upstream:remotename)%00%(upstream:remoteref) refs/heads/master refs/remotes/master [110ms]
2024-08-01 16:05:14.203 [info] > git show -s --format=%H%n%aN%n%aE%n%at%n%ct%n%P%n%D%n%B -z a43acc58a909fe287caa33a267efcafc4ccaf6ab [4ms]
2024-08-01 16:05:14.256 [info] > git config --get commit.template [6ms]
2024-08-01 16:05:14.258 [info] > git for-each-ref --format=%(refname)%00%(upstream:short)%00%(objectname)%00%(upstream:track)%00%(upstream:remotename)%00%(upstream:remoteref) refs/heads/master refs/remotes/master [2ms]
2024-08-01 16:05:14.267 [info] > git status -z -uall [3ms]
2024-08-01 16:05:14.275 [info] > git for-each-ref --format=%(refname)%00%(upstream:short)%00%(objectname)%00%(upstream:track)%00%(upstream:remotename)%00%(upstream:remoteref) refs/heads/master refs/remotes/master [2ms]
2024-08-01 16:05:14.282 [info] > git config --local branch.master.vscode-merge-base [1ms]
2024-08-01 16:05:14.282 [warning] git config failed: Failed to execute git
2024-08-01 16:05:14.289 [info] > git reflog master --grep-reflog=branch: Created from *. [2ms]
2024-08-01 16:05:14.296 [info] > git symbolic-ref --short refs/remotes/origin/HEAD [2ms]
2024-08-01 16:05:14.296 [info] fatal: ref refs/remotes/origin/HEAD is not a symbolic ref
2024-08-01 16:05:18.486 [info] > git for-each-ref --format=%(refname)%00%(upstream:short)%00%(objectname)%00%(upstream:track)%00%(upstream:remotename)%00%(upstream:remoteref) refs/heads/master refs/remotes/master [2ms]
2024-08-01 16:05:19.287 [info] > git config --get commit.template [6ms]
2024-08-01 16:05:19.289 [info] > git for-each-ref --format=%(refname)%00%(upstream:short)%00%(objectname)%00%(upstream:track)%00%(upstream:remotename)%00%(upstream:remoteref) refs/heads/master refs/remotes/master [3ms]
2024-08-01 16:05:19.299 [info] > git status -z -uall [4ms]
2024-08-01 16:05:19.309 [info] > git for-each-ref --format=%(refname)%00%(upstream:short)%00%(objectname)%00%(upstream:track)%00%(upstream:remotename)%00%(upstream:remoteref) refs/heads/master refs/remotes/master [3ms]
2024-08-01 16:05:19.319 [info] > git config --local branch.master.vscode-merge-base [3ms]
2024-08-01 16:05:19.319 [warning] git config failed: Failed to execute git
2024-08-01 16:05:19.328 [info] > git reflog master --grep-reflog=branch: Created from *. [3ms]
2024-08-01 16:05:19.336 [info] > git symbolic-ref --short refs/remotes/origin/HEAD [2ms]
2024-08-01 16:05:19.336 [info] fatal: ref refs/remotes/origin/HEAD is not a symbolic ref
2024-08-01 16:05:24.322 [info] > git config --get commit.template [7ms]
2024-08-01 16:05:24.323 [info] > git for-each-ref --format=%(refname)%00%(upstream:short)%00%(objectname)%00%(upstream:track)%00%(upstream:remotename)%00%(upstream:remoteref) refs/heads/master refs/remotes/master [2ms]
2024-08-01 16:05:24.333 [info] > git status -z -uall [4ms]
2024-08-01 16:05:24.340 [info] > git for-each-ref --format=%(refname)%00%(upstream:short)%00%(objectname)%00%(upstream:track)%00%(upstream:remotename)%00%(upstream:remoteref) refs/heads/master refs/remotes/master [2ms]
2024-08-01 16:05:24.347 [info] > git config --local branch.master.vscode-merge-base [2ms]
2024-08-01 16:05:24.347 [warning] git config failed: Failed to execute git
2024-08-01 16:05:24.354 [info] > git reflog master --grep-reflog=branch: Created from *. [2ms]
2024-08-01 16:05:24.360 [info] > git symbolic-ref --short refs/remotes/origin/HEAD [1ms]
2024-08-01 16:05:24.361 [info] fatal: ref refs/remotes/origin/HEAD is not a symbolic ref
2024-08-01 16:05:29.360 [info] > git config --get commit.template [9ms]
2024-08-01 16:05:29.362 [info] > git for-each-ref --format=%(refname)%00%(upstream:short)%00%(objectname)%00%(upstream:track)%00%(upstream:remotename)%00%(upstream:remoteref) refs/heads/master refs/remotes/master [2ms]
2024-08-01 16:05:29.377 [info] > git status -z -uall [5ms]
2024-08-01 16:05:29.389 [info] > git for-each-ref --format=%(refname)%00%(upstream:short)%00%(objectname)%00%(upstream:track)%00%(upstream:remotename)%00%(upstream:remoteref) refs/heads/master refs/remotes/master [2ms]
2024-08-01 16:05:29.402 [info] > git config --local branch.master.vscode-merge-base [3ms]
2024-08-01 16:05:29.402 [warning] git config failed: Failed to execute git
2024-08-01 16:05:29.415 [info] > git reflog master --grep-reflog=branch: Created from *. [4ms]
2024-08-01 16:05:29.425 [info] > git symbolic-ref --short refs/remotes/origin/HEAD [3ms]
2024-08-01 16:05:29.425 [info] fatal: ref refs/remotes/origin/HEAD is not a symbolic ref
