2024-08-01 16:02:55.930 [warning] /home/gitpod/.ssh/config: ENOENT: no such file or directory, open '/home/gitpod/.ssh/config'
2024-08-01 16:02:55.930 [info] Activation> Extension version: 0.92.0
2024-08-01 16:02:58.823 [info] Looking for git repository
2024-08-01 16:02:58.823 [info] Found 0 repositories during activation
2024-08-01 16:02:58.823 [info] Git repository found, initializing review manager and pr tree view.
2024-08-01 16:02:58.823 [info] Registering git provider
2024-08-01 16:03:05.025 [info] Repository file:///workspace/.vscode-remote has been opened
2024-08-01 16:03:05.025 [info] Review+0> Validate state in progress
2024-08-01 16:03:05.025 [info] Review+0> Validating state...
2024-08-01 16:03:05.027 [warning] No remotes found. The following remotes are missing: origin, upstream
2024-08-01 16:03:05.027 [info] No GitHub remotes found for folder /workspace/.vscode-remote
2024-08-01 16:03:05.080 [info] Review+0> Queuing additional validate state
2024-08-01 16:03:05.083 [info] Repo state for file:///workspace/.vscode-remote changed.
2024-08-01 16:03:05.083 [info] Repo file:///workspace/.vscode-remote has already been setup.
2024-08-01 16:03:05.152 [info] Review+0> Queuing additional validate state
2024-08-01 16:03:06.272 [info] Review+0> Validating state...
2024-08-01 16:03:06.273 [warning] No remotes found. The following remotes are missing: origin, upstream
2024-08-01 16:03:06.273 [info] No GitHub remotes found for folder /workspace/.vscode-remote
2024-08-01 16:03:06.290 [info] Review+0> No matching pull request metadata found locally for current branch master
2024-08-01 16:03:06.300 [info] Review+0> No matching pull request metadata found on GitHub for current branch master
2024-08-01 16:03:07.522 [info] Review+0> Validating state...
2024-08-01 16:03:07.523 [warning] No remotes found. The following remotes are missing: origin, upstream
2024-08-01 16:03:07.523 [info] No GitHub remotes found for folder /workspace/.vscode-remote
2024-08-01 16:03:07.539 [info] Review+0> No matching pull request metadata found locally for current branch master
2024-08-01 16:03:07.550 [info] Review+0> No matching pull request metadata found on GitHub for current branch master
2024-08-01 16:03:15.010 [info] Review+0> Validate state in progress
2024-08-01 16:03:15.010 [info] Review+0> Validating state...
2024-08-01 16:03:15.011 [warning] No remotes found. The following remotes are missing: origin, upstream
2024-08-01 16:03:15.011 [info] No GitHub remotes found for folder /workspace/.vscode-remote
2024-08-01 16:03:15.031 [info] Review+0> No matching pull request metadata found locally for current branch master
2024-08-01 16:03:15.053 [info] Review+0> No matching pull request metadata found on GitHub for current branch master
2024-08-01 16:03:35.292 [info] Review+0> Validate state in progress
2024-08-01 16:03:35.292 [info] Review+0> Validating state...
2024-08-01 16:03:35.297 [warning] No remotes found. The following remotes are missing: origin, upstream
2024-08-01 16:03:35.297 [info] No GitHub remotes found for folder /workspace/.vscode-remote
2024-08-01 16:03:35.320 [info] Review+0> No matching pull request metadata found locally for current branch master
2024-08-01 16:03:35.343 [info] Review+0> No matching pull request metadata found on GitHub for current branch master
2024-08-01 16:03:51.707 [info] Review+0> Validate state in progress
2024-08-01 16:03:51.707 [info] Review+0> Validating state...
2024-08-01 16:03:51.710 [warning] No remotes found. The following remotes are missing: origin, upstream
2024-08-01 16:03:51.711 [info] No GitHub remotes found for folder /workspace/.vscode-remote
2024-08-01 16:03:51.737 [info] Review+0> No matching pull request metadata found locally for current branch master
2024-08-01 16:03:51.778 [info] Review+0> No matching pull request metadata found on GitHub for current branch master
2024-08-01 16:04:29.965 [info] Review+0> Validate state in progress
2024-08-01 16:04:29.965 [info] Review+0> Validating state...
2024-08-01 16:04:30.030 [info] Review+0> Queuing additional validate state
2024-08-01 16:04:30.314 [info] Found GitHub remote for folder /workspace/.vscode-remote
2024-08-01 16:04:30.643 [info] Trying to use globalState for assignableUsers.
2024-08-01 16:04:30.785 [info] Review+0> No matching pull request metadata found locally for current branch master
2024-08-01 16:04:30.806 [info] Review+0> No matching pull request metadata found on GitHub for current branch master
2024-08-01 16:04:31.614 [info] Using globalState assignableUsers for 1.
2024-08-01 16:04:32.172 [info] Review+0> Validating state...
2024-08-01 16:04:32.432 [info] Found GitHub remote for folder /workspace/.vscode-remote
2024-08-01 16:04:32.678 [info] Trying to use globalState for assignableUsers.
2024-08-01 16:04:32.863 [info] Review+0> No matching pull request metadata found locally for current branch master
2024-08-01 16:04:32.897 [info] Review+0> No matching pull request metadata found on GitHub for current branch master
2024-08-01 16:04:33.509 [info] No globalState for assignableUsers.
2024-08-01 16:05:03.293 [info] Review+0> Validate state in progress
2024-08-01 16:05:03.294 [info] Review+0> Validating state...
2024-08-01 16:05:05.973 [info] Found GitHub remote for folder /workspace/.vscode-remote
2024-08-01 16:05:05.974 [info] Using in-memory cached assignable users.
2024-08-01 16:05:06.101 [info] Review+0> No matching pull request metadata found locally for current branch master
2024-08-01 16:05:06.406 [info] Review+0> No matching pull request metadata found on GitHub for current branch master
2024-08-01 16:05:09.640 [error] GitHubRepository> Unable to compare commits between freeCodeCamp:main and Shaikmahenoor024:master: HttpError: No common ancestor between freeCodeCamp:main and Shaikmahenoor024:master.
2024-08-01 16:05:11.178 [error] GitHubRepository> Unable to compare commits between freeCodeCamp:main and Shaikmahenoor024:master: HttpError: No common ancestor between freeCodeCamp:main and Shaikmahenoor024:master.
2024-08-01 16:05:11.197 [info] CreatePullRequestViewProvider> Initializing "create" view: {"defaultBaseRemote":{"owner":"freeCodeCamp","repositoryName":"learn-celestial-bodies-database"},"defaultBaseBranch":"main","defaultCompareRemote":{"owner":"Shaikmahenoor024","repositoryName":"learn-celestial-bodies-database"},"defaultCompareBranch":"master","defaultTitle":"123","defaultDescription":"Checklist:\n\n<!-- Please follow this checklist and put an x in each of the boxes, like this: [x]. It will ensure that our team takes your pull request seriously. -->\n\n- [ ] I have read [freeCodeCamp's contribution guidelines](https://contribute.freecodecamp.org).\n- [ ] My pull request has a [descriptive title](https://contribute.freecodecamp.org/#/how-to-open-a-pull-request?id=prepare-a-good-pr-title) (**not** a vague title like `Update index.md`)\n\n<!--If your pull request closes a GitHub issue, replace the XXXXX below with the issue number.-->\n\nCloses #XXXXX\n\n<!-- Feel free to add any additional description of changes below this line -->\n","baseHasMergeQueue":false,"remoteCount":2,"allowAutoMerge":false,"mergeMethodsAvailability":{"merge":false,"squash":false,"rebase":false},"autoMergeDefault":false,"createError":"","labels":[],"isDraftDefault":false,"isDarkTheme":false,"creating":false,"initializeWithGeneratedTitleAndDescription":false,"preReviewState":0,"reviewing":false}
2024-08-01 16:05:14.382 [error] GitHubRepository> Unable to compare commits between freeCodeCamp:main and Shaikmahenoor024:master: HttpError: No common ancestor between freeCodeCamp:main and Shaikmahenoor024:master.
2024-08-01 16:05:14.382 [info] CreatePullRequestViewProvider> Initializing "create" view: {"defaultBaseRemote":{"owner":"freeCodeCamp","repositoryName":"learn-celestial-bodies-database"},"defaultBaseBranch":"main","defaultCompareRemote":{"owner":"Shaikmahenoor024","repositoryName":"learn-celestial-bodies-database"},"defaultCompareBranch":"master","defaultTitle":"123","defaultDescription":"Checklist:\n\n<!-- Please follow this checklist and put an x in each of the boxes, like this: [x]. It will ensure that our team takes your pull request seriously. -->\n\n- [ ] I have read [freeCodeCamp's contribution guidelines](https://contribute.freecodecamp.org).\n- [ ] My pull request has a [descriptive title](https://contribute.freecodecamp.org/#/how-to-open-a-pull-request?id=prepare-a-good-pr-title) (**not** a vague title like `Update index.md`)\n\n<!--If your pull request closes a GitHub issue, replace the XXXXX below with the issue number.-->\n\nCloses #XXXXX\n\n<!-- Feel free to add any additional description of changes below this line -->\n","baseHasMergeQueue":false,"remoteCount":2,"allowAutoMerge":false,"mergeMethodsAvailability":{"merge":false,"squash":false,"rebase":false},"autoMergeDefault":false,"createError":"","labels":[],"isDraftDefault":false,"isDarkTheme":false,"creating":false,"initializeWithGeneratedTitleAndDescription":false,"preReviewState":0,"reviewing":false}
2024-08-01 16:05:18.932 [error] GitHubRepository> Unable to create PR: Error: GraphQL error: The Shaikmahenoor024:master branch has no history in common with freeCodeCamp:main
2024-08-01 16:05:18.932 [error] FolderRepositoryManager+0> Creating pull requests failed: Error: GraphQL error: The Shaikmahenoor024:master branch has no history in common with freeCodeCamp:main
