2024-08-01 15:49:29.588 [info] Log level: Info
2024-08-01 15:49:29.588 [info] Validating found git in: "git"
2024-08-01 15:49:29.588 [info] Using git "2.43.0" from "git"
2024-08-01 15:49:29.588 [info] > git rev-parse --show-toplevel [2ms]
2024-08-01 15:49:29.588 [info] > git rev-parse --git-dir --git-common-dir [2ms]
2024-08-01 15:49:29.588 [info] Open repository: /workspace/project
2024-08-01 15:49:29.588 [info] > git config --get commit.template [5ms]
2024-08-01 15:49:29.588 [info] > git rev-parse --show-toplevel [7ms]
2024-08-01 15:49:29.588 [info] > git for-each-ref --format=%(refname)%00%(upstream:short)%00%(objectname)%00%(upstream:track)%00%(upstream:remotename)%00%(upstream:remoteref) refs/heads/main refs/remotes/main [6ms]
2024-08-01 15:49:29.588 [warning] ENOENT: no such file or directory, open '/workspace/project/.git/refs/remotes/origin/main'
2024-08-01 15:49:29.588 [info] > git rev-parse --show-toplevel [5ms]
2024-08-01 15:49:29.588 [info] > git rev-parse refs/remotes/origin/main [1ms]
2024-08-01 15:49:29.588 [info] > git status -z -uall [2ms]
2024-08-01 15:49:29.588 [info] > git for-each-ref --format=%(refname)%00%(upstream:short)%00%(objectname)%00%(upstream:track)%00%(upstream:remotename)%00%(upstream:remoteref) refs/heads/main refs/remotes/main [11ms]
2024-08-01 15:49:29.588 [info] > git config --get commit.template [7ms]
2024-08-01 15:49:29.588 [info] > git config --local branch.main.vscode-merge-base [7ms]
2024-08-01 15:49:29.588 [warning] git config failed: Failed to execute git
2024-08-01 15:49:29.588 [info] > git for-each-ref --format=%(refname)%00%(upstream:short)%00%(objectname)%00%(upstream:track)%00%(upstream:remotename)%00%(upstream:remoteref) refs/heads/main refs/remotes/main [6ms]
2024-08-01 15:49:29.588 [warning] ENOENT: no such file or directory, open '/workspace/project/.git/refs/remotes/origin/main'
2024-08-01 15:49:29.588 [info] > git reflog main --grep-reflog=branch: Created from *. [7ms]
2024-08-01 15:49:29.588 [info] > git rev-parse refs/remotes/origin/main [6ms]
2024-08-01 15:49:29.588 [info] > git symbolic-ref --short refs/remotes/origin/HEAD [6ms]
2024-08-01 15:49:29.588 [info] > git status -z -uall [6ms]
2024-08-01 15:49:29.588 [info] > git for-each-ref --format=%(refname)%00%(upstream:short)%00%(objectname)%00%(upstream:track)%00%(upstream:remotename)%00%(upstream:remoteref) refs/heads/main refs/remotes/main [14ms]
2024-08-01 15:49:29.588 [info] > git for-each-ref --format=%(refname)%00%(upstream:short)%00%(objectname)%00%(upstream:track)%00%(upstream:remotename)%00%(upstream:remoteref) refs/heads/origin/main refs/remotes/origin/main [23ms]
2024-08-01 15:49:29.588 [info] > git config --local branch.main.vscode-merge-base [6ms]
2024-08-01 15:49:29.588 [warning] git config failed: Failed to execute git
2024-08-01 15:49:29.588 [info] > git config --local branch.main.vscode-merge-base origin/main [6ms]
2024-08-01 15:49:29.588 [info] > git reflog main --grep-reflog=branch: Created from *. [29ms]
2024-08-01 15:49:29.588 [info] > git config --get commit.template [28ms]
2024-08-01 15:49:29.588 [info] > git for-each-ref --format=%(refname)%00%(upstream:short)%00%(objectname)%00%(upstream:track)%00%(upstream:remotename)%00%(upstream:remoteref) refs/heads/main refs/remotes/main [4ms]
2024-08-01 15:49:29.588 [info] > git symbolic-ref --short refs/remotes/origin/HEAD [10ms]
2024-08-01 15:49:29.588 [warning] ENOENT: no such file or directory, open '/workspace/project/.git/refs/remotes/origin/main'
2024-08-01 15:49:29.588 [info] > git for-each-ref --format=%(refname)%00%(upstream:short)%00%(objectname)%00%(upstream:track)%00%(upstream:remotename)%00%(upstream:remoteref) refs/heads/origin/main refs/remotes/origin/main [5ms]
2024-08-01 15:49:29.588 [info] > git rev-parse refs/remotes/origin/main [6ms]
2024-08-01 15:49:29.588 [info] > git config --local branch.main.vscode-merge-base origin/main [6ms]
2024-08-01 15:49:29.588 [info] > git status -z -uall [12ms] (cancelled)
2024-08-01 15:49:29.588 [info] > git merge-base refs/heads/main refs/remotes/origin/main [6ms]
2024-08-01 15:49:29.588 [info] > git config --get commit.template [6ms]
2024-08-01 15:49:29.588 [info] > git rev-list --count --left-right refs/heads/main...refs/remotes/origin/main [6ms]
2024-08-01 15:49:29.588 [info] > git for-each-ref --format=%(refname)%00%(upstream:short)%00%(objectname)%00%(upstream:track)%00%(upstream:remotename)%00%(upstream:remoteref) refs/heads/main refs/remotes/main [6ms]
2024-08-01 15:49:29.588 [warning] ENOENT: no such file or directory, open '/workspace/project/.git/refs/remotes/origin/main'
2024-08-01 15:49:29.588 [info] > git diff --name-status -z --diff-filter=ADMR ebef6c6b5a5bd079e5abd81c2740b1261740ce15...refs/remotes/origin/main [5ms]
2024-08-01 15:49:29.588 [info] > git rev-parse refs/remotes/origin/main [1ms]
2024-08-01 15:49:29.588 [info] > git status -z -uall [2ms]
2024-08-01 15:49:29.588 [info] > git for-each-ref --format=%(refname)%00%(upstream:short)%00%(objectname)%00%(upstream:track)%00%(upstream:remotename)%00%(upstream:remoteref) refs/heads/main refs/remotes/main [2ms]
2024-08-01 15:49:29.588 [info] > git config --local branch.main.vscode-merge-base [1ms]
2024-08-01 15:49:29.588 [info] > git for-each-ref --format=%(refname)%00%(upstream:short)%00%(objectname)%00%(upstream:track)%00%(upstream:remotename)%00%(upstream:remoteref) refs/heads/origin/main refs/remotes/origin/main [1ms]
2024-08-01 15:49:30.096 [info] > git check-ignore -v -z --stdin [2ms]
2024-08-01 15:49:30.818 [info] > git config --get commit.template [6ms]
2024-08-01 15:49:30.819 [info] > git for-each-ref --format=%(refname)%00%(upstream:short)%00%(objectname)%00%(upstream:track)%00%(upstream:remotename)%00%(upstream:remoteref) refs/heads/main refs/remotes/main [2ms]
2024-08-01 15:49:30.824 [warning] ENOENT: no such file or directory, open '/workspace/project/.git/refs/remotes/origin/main'
2024-08-01 15:49:30.825 [info] > git rev-parse refs/remotes/origin/main [1ms]
2024-08-01 15:49:30.832 [info] > git status -z -uall [2ms]
2024-08-01 15:49:30.840 [info] > git for-each-ref --format=%(refname)%00%(upstream:short)%00%(objectname)%00%(upstream:track)%00%(upstream:remotename)%00%(upstream:remoteref) refs/heads/main refs/remotes/main [2ms]
2024-08-01 15:49:30.847 [info] > git config --local branch.main.vscode-merge-base [2ms]
2024-08-01 15:49:30.854 [info] > git for-each-ref --format=%(refname)%00%(upstream:short)%00%(objectname)%00%(upstream:track)%00%(upstream:remotename)%00%(upstream:remoteref) refs/heads/origin/main refs/remotes/origin/main [2ms]
2024-08-01 15:49:33.591 [info] > git config --local branch.main.github-pr-owner-number [119ms]
2024-08-01 15:49:33.591 [warning] git config failed: Failed to execute git
2024-08-01 15:49:35.853 [info] > git config --get commit.template [7ms]
2024-08-01 15:49:35.854 [info] > git for-each-ref --format=%(refname)%00%(upstream:short)%00%(objectname)%00%(upstream:track)%00%(upstream:remotename)%00%(upstream:remoteref) refs/heads/main refs/remotes/main [2ms]
2024-08-01 15:49:35.859 [warning] ENOENT: no such file or directory, open '/workspace/project/.git/refs/remotes/origin/main'
2024-08-01 15:49:35.861 [info] > git rev-parse refs/remotes/origin/main [2ms]
2024-08-01 15:49:35.868 [info] > git status -z -uall [2ms]
2024-08-01 15:49:35.875 [info] > git for-each-ref --format=%(refname)%00%(upstream:short)%00%(objectname)%00%(upstream:track)%00%(upstream:remotename)%00%(upstream:remoteref) refs/heads/main refs/remotes/main [1ms]
2024-08-01 15:49:35.881 [info] > git config --local branch.main.vscode-merge-base [2ms]
2024-08-01 15:49:35.887 [info] > git for-each-ref --format=%(refname)%00%(upstream:short)%00%(objectname)%00%(upstream:track)%00%(upstream:remotename)%00%(upstream:remoteref) refs/heads/origin/main refs/remotes/origin/main [2ms]
2024-08-01 15:49:52.679 [info] > git config --get commit.template [6ms]
2024-08-01 15:49:52.680 [info] > git for-each-ref --format=%(refname)%00%(upstream:short)%00%(objectname)%00%(upstream:track)%00%(upstream:remotename)%00%(upstream:remoteref) refs/heads/main refs/remotes/main [2ms]
2024-08-01 15:49:52.685 [warning] ENOENT: no such file or directory, open '/workspace/project/.git/refs/remotes/origin/main'
2024-08-01 15:49:52.687 [info] > git rev-parse refs/remotes/origin/main [2ms]
2024-08-01 15:49:52.695 [info] > git status -z -uall [3ms]
2024-08-01 15:49:52.802 [info] > git for-each-ref --format=%(refname)%00%(upstream:short)%00%(objectname)%00%(upstream:track)%00%(upstream:remotename)%00%(upstream:remoteref) refs/heads/main refs/remotes/main [101ms]
2024-08-01 15:49:52.809 [info] > git config --local branch.main.vscode-merge-base [2ms]
2024-08-01 15:49:52.821 [info] > git for-each-ref --format=%(refname)%00%(upstream:short)%00%(objectname)%00%(upstream:track)%00%(upstream:remotename)%00%(upstream:remoteref) refs/heads/origin/main refs/remotes/origin/main [7ms]
2024-08-01 15:49:52.832 [info] > git merge-base refs/heads/main refs/remotes/origin/main [5ms]
2024-08-01 15:49:52.840 [info] > git rev-list --count --left-right refs/heads/main...refs/remotes/origin/main [3ms]
2024-08-01 15:49:52.847 [info] > git diff --name-status -z --diff-filter=ADMR ebef6c6b5a5bd079e5abd81c2740b1261740ce15...refs/remotes/origin/main [2ms]
2024-08-01 15:49:53.201 [info] > git config --local branch.main.github-pr-owner-number [98ms]
2024-08-01 15:49:53.201 [warning] git config failed: Failed to execute git
2024-08-01 15:49:57.717 [info] > git config --get commit.template [6ms]
2024-08-01 15:49:57.719 [info] > git for-each-ref --format=%(refname)%00%(upstream:short)%00%(objectname)%00%(upstream:track)%00%(upstream:remotename)%00%(upstream:remoteref) refs/heads/main refs/remotes/main [3ms]
2024-08-01 15:49:57.724 [warning] ENOENT: no such file or directory, open '/workspace/project/.git/refs/remotes/origin/main'
2024-08-01 15:49:57.725 [info] > git rev-parse refs/remotes/origin/main [1ms]
2024-08-01 15:49:57.732 [info] > git status -z -uall [2ms]
2024-08-01 15:49:57.836 [info] > git for-each-ref --format=%(refname)%00%(upstream:short)%00%(objectname)%00%(upstream:track)%00%(upstream:remotename)%00%(upstream:remoteref) refs/heads/main refs/remotes/main [98ms]
2024-08-01 15:49:57.843 [info] > git config --local branch.main.vscode-merge-base [2ms]
2024-08-01 15:49:57.852 [info] > git for-each-ref --format=%(refname)%00%(upstream:short)%00%(objectname)%00%(upstream:track)%00%(upstream:remotename)%00%(upstream:remoteref) refs/heads/origin/main refs/remotes/origin/main [4ms]
2024-08-01 15:49:57.865 [info] > git merge-base refs/heads/main refs/remotes/origin/main [8ms]
2024-08-01 15:49:57.872 [info] > git rev-list --count --left-right refs/heads/main...refs/remotes/origin/main [2ms]
2024-08-01 15:49:57.879 [info] > git diff --name-status -z --diff-filter=ADMR ebef6c6b5a5bd079e5abd81c2740b1261740ce15...refs/remotes/origin/main [2ms]
2024-08-01 15:49:58.253 [info] > git config --local branch.main.github-pr-owner-number [96ms]
2024-08-01 15:49:58.253 [warning] git config failed: Failed to execute git
2024-08-01 15:50:02.754 [info] > git config --get commit.template [6ms]
2024-08-01 15:50:02.756 [info] > git for-each-ref --format=%(refname)%00%(upstream:short)%00%(objectname)%00%(upstream:track)%00%(upstream:remotename)%00%(upstream:remoteref) refs/heads/main refs/remotes/main [2ms]
2024-08-01 15:50:02.762 [warning] ENOENT: no such file or directory, open '/workspace/project/.git/refs/remotes/origin/main'
2024-08-01 15:50:02.763 [info] > git rev-parse refs/remotes/origin/main [1ms]
2024-08-01 15:50:02.770 [info] > git status -z -uall [2ms]
2024-08-01 15:50:02.778 [info] > git for-each-ref --format=%(refname)%00%(upstream:short)%00%(objectname)%00%(upstream:track)%00%(upstream:remotename)%00%(upstream:remoteref) refs/heads/main refs/remotes/main [3ms]
2024-08-01 15:50:02.785 [info] > git config --local branch.main.vscode-merge-base [1ms]
2024-08-01 15:50:02.792 [info] > git for-each-ref --format=%(refname)%00%(upstream:short)%00%(objectname)%00%(upstream:track)%00%(upstream:remotename)%00%(upstream:remoteref) refs/heads/origin/main refs/remotes/origin/main [2ms]
2024-08-01 15:51:23.471 [info] > git config --get commit.template [6ms]
2024-08-01 15:51:23.473 [info] > git for-each-ref --format=%(refname)%00%(upstream:short)%00%(objectname)%00%(upstream:track)%00%(upstream:remotename)%00%(upstream:remoteref) refs/heads/main refs/remotes/main [3ms]
2024-08-01 15:51:23.479 [warning] ENOENT: no such file or directory, open '/workspace/project/.git/refs/remotes/origin/main'
2024-08-01 15:51:23.480 [info] > git rev-parse refs/remotes/origin/main [1ms]
2024-08-01 15:51:23.488 [info] > git status -z -uall [2ms]
2024-08-01 15:51:23.497 [info] > git for-each-ref --format=%(refname)%00%(upstream:short)%00%(objectname)%00%(upstream:track)%00%(upstream:remotename)%00%(upstream:remoteref) refs/heads/main refs/remotes/main [3ms]
2024-08-01 15:51:23.504 [info] > git config --local branch.main.vscode-merge-base [2ms]
2024-08-01 15:51:23.511 [info] > git for-each-ref --format=%(refname)%00%(upstream:short)%00%(objectname)%00%(upstream:track)%00%(upstream:remotename)%00%(upstream:remoteref) refs/heads/origin/main refs/remotes/origin/main [2ms]
2024-08-01 15:51:39.925 [info] > git config --get commit.template [2ms]
2024-08-01 15:51:39.934 [info] > git for-each-ref --format=%(refname)%00%(upstream:short)%00%(objectname)%00%(upstream:track)%00%(upstream:remotename)%00%(upstream:remoteref) refs/heads/main refs/remotes/main [4ms]
2024-08-01 15:51:39.940 [warning] ENOENT: no such file or directory, open '/workspace/project/.git/refs/remotes/origin/main'
2024-08-01 15:51:39.942 [info] > git rev-parse refs/remotes/origin/main [2ms]
2024-08-01 15:51:39.950 [info] > git status -z -uall [3ms]
2024-08-01 15:51:39.959 [info] > git for-each-ref --format=%(refname)%00%(upstream:short)%00%(objectname)%00%(upstream:track)%00%(upstream:remotename)%00%(upstream:remoteref) refs/heads/main refs/remotes/main [3ms]
2024-08-01 15:51:39.967 [info] > git config --local branch.main.vscode-merge-base [2ms]
2024-08-01 15:51:39.975 [info] > git for-each-ref --format=%(refname)%00%(upstream:short)%00%(objectname)%00%(upstream:track)%00%(upstream:remotename)%00%(upstream:remoteref) refs/heads/origin/main refs/remotes/origin/main [2ms]
2024-08-01 15:54:32.894 [info] > git config --local branch.main.github-pr-owner-number [2ms]
2024-08-01 15:54:32.894 [warning] git config failed: Failed to execute git
2024-08-01 15:59:32.902 [info] > git config --local branch.main.github-pr-owner-number [2ms]
2024-08-01 15:59:32.902 [warning] git config failed: Failed to execute git
2024-08-01 16:02:19.798 [info] > git config --get commit.template [6ms]
2024-08-01 16:02:19.800 [info] > git for-each-ref --format=%(refname)%00%(upstream:short)%00%(objectname)%00%(upstream:track)%00%(upstream:remotename)%00%(upstream:remoteref) refs/heads/main refs/remotes/main [2ms]
2024-08-01 16:02:19.806 [warning] ENOENT: no such file or directory, open '/workspace/project/.git/refs/remotes/origin/main'
2024-08-01 16:02:19.808 [info] > git rev-parse refs/remotes/origin/main [2ms]
2024-08-01 16:02:19.815 [info] > git status -z -uall [2ms]
2024-08-01 16:02:19.927 [info] > git for-each-ref --format=%(refname)%00%(upstream:short)%00%(objectname)%00%(upstream:track)%00%(upstream:remotename)%00%(upstream:remoteref) refs/heads/main refs/remotes/main [105ms]
2024-08-01 16:02:19.937 [info] > git config --local branch.main.vscode-merge-base [3ms]
2024-08-01 16:02:19.955 [info] > git for-each-ref --format=%(refname)%00%(upstream:short)%00%(objectname)%00%(upstream:track)%00%(upstream:remotename)%00%(upstream:remoteref) refs/heads/origin/main refs/remotes/origin/main [13ms]
2024-08-01 16:02:19.963 [info] > git merge-base refs/heads/main refs/remotes/origin/main [3ms]
2024-08-01 16:02:19.973 [info] > git rev-list --count --left-right refs/heads/main...refs/remotes/origin/main [3ms]
2024-08-01 16:02:19.981 [info] > git diff --name-status -z --diff-filter=ADMR ebef6c6b5a5bd079e5abd81c2740b1261740ce15...refs/remotes/origin/main [2ms]
2024-08-01 16:02:20.341 [info] > git config --local branch.main.github-pr-owner-number [104ms]
2024-08-01 16:02:20.341 [warning] git config failed: Failed to execute git
